npm verbose cli C:\Program Files\nodejs\node.exe C:\Users\el_gu\AppData\Roaming\npm\node_modules\npm\bin\npm-cli.js
npm info using npm@11.1.0
npm info using node@v22.14.0
npm verbose title npm install
npm verbose argv "install" "--legacy-peer-deps" "--loglevel" "verbose"
npm verbose logfile logs-max:10 dir:C:\Users\el_gu\AppData\Local\npm-cache\_logs\2025-03-21T02_58_21_962Z-
npm verbose logfile C:\Users\el_gu\AppData\Local\npm-cache\_logs\2025-03-21T02_58_21_962Z-debug-0.log
npm http fetch GET 200 https://registry.npmjs.org/browserstack-cypress-cli 205ms (cache updated)
npm http fetch GET 200 https://registry.npmjs.org/cypress 87ms (cache updated)
npm http fetch GET 200 https://registry.npmjs.org/chalk 97ms (cache updated)
npm http fetch GET 200 https://registry.npmjs.org/async 244ms (cache updated)
npm http fetch GET 200 https://registry.npmjs.org/gitconfiglocal 262ms (cache updated)
npm http fetch GET 200 https://registry.npmjs.org/git-repo-info 266ms (cache updated)
npm http fetch GET 200 https://registry.npmjs.org/axios-retry 276ms (cache updated)
npm http fetch GET 200 https://registry.npmjs.org/form-data 280ms (cache updated)
npm http fetch GET 200 https://registry.npmjs.org/browserstack-local 286ms (cache updated)
npm http fetch GET 200 https://registry.npmjs.org/fs-extra 291ms (cache updated)
npm http fetch GET 200 https://registry.npmjs.org/axios 297ms (cache updated)
npm http fetch GET 200 https://registry.npmjs.org/mkdirp 301ms (cache updated)
npm http fetch GET 200 https://registry.npmjs.org/cli-progress 309ms (cache updated)
npm http fetch GET 200 https://registry.npmjs.org/table 214ms (cache updated)
npm http fetch GET 200 https://registry.npmjs.org/node-ipc 319ms (cache updated)
npm http fetch GET 200 https://registry.npmjs.org/archiver 329ms (cache updated)
npm http cache https://registry.npmjs.org/chalk 27ms (cache hit)
npm http fetch GET 200 https://registry.npmjs.org/update-notifier 99ms (cache updated)
npm http fetch GET 200 https://registry.npmjs.org/glob 342ms (cache updated)
npm http fetch GET 200 https://registry.npmjs.org/windows-release 111ms (cache updated)
npm http fetch GET 200 https://registry.npmjs.org/arch 78ms (cache miss)
npm http fetch GET 200 https://registry.npmjs.org/tmp 91ms (cache miss)
npm http fetch GET 200 https://registry.npmjs.org/uuid 145ms (cache updated)
npm http fetch GET 200 https://registry.npmjs.org/decompress 130ms (cache updated)
npm http fetch GET 200 https://registry.npmjs.org/getos 83ms (cache miss)
npm http fetch GET 200 https://registry.npmjs.org/unzipper 145ms (cache updated)
npm http fetch GET 200 https://registry.npmjs.org/winston 173ms (cache updated)
npm http fetch GET 200 https://registry.npmjs.org/dayjs 138ms (cache miss)
npm http fetch GET 200 https://registry.npmjs.org/yauzl 117ms (cache updated)
npm http fetch GET 200 https://registry.npmjs.org/debug 146ms (cache updated)
npm http fetch GET 200 https://registry.npmjs.org/ospath 90ms (cache miss)
npm http fetch GET 200 https://registry.npmjs.org/execa 163ms (cache updated)
npm http fetch GET 200 https://registry.npmjs.org/buffer 148ms (cache updated)
npm http fetch GET 200 https://registry.npmjs.org/getmac 502ms (cache updated)
npm http fetch GET 200 https://registry.npmjs.org/process 77ms (cache miss)
npm http cache https://registry.npmjs.org/fs-extra 47ms (cache hit)
npm http fetch GET 200 https://registry.npmjs.org/figures 104ms (cache miss)
npm http fetch GET 200 https://registry.npmjs.org/lodash 145ms (cache updated)
npm http fetch GET 200 https://registry.npmjs.org/cachedir 81ms (cache miss)
npm http fetch GET 200 https://registry.npmjs.org/ci-info 125ms (cache miss)
npm http fetch GET 200 https://registry.npmjs.org/lazy-ass 67ms (cache miss)
npm http fetch GET 200 https://registry.npmjs.org/semver 140ms (cache updated)
npm http fetch GET 200 https://registry.npmjs.org/enquirer 102ms (cache miss)
npm http fetch GET 200 https://registry.npmjs.org/yargs 296ms (cache updated)
npm http fetch GET 200 https://registry.npmjs.org/blob-util 104ms (cache miss)
npm http fetch GET 200 https://registry.npmjs.org/untildify 82ms (cache miss)
npm http fetch GET 200 https://registry.npmjs.org/cli-cursor 80ms (cache miss)
npm http fetch GET 200 https://registry.npmjs.org/bluebird 161ms (cache updated)
npm http fetch GET 200 https://registry.npmjs.org/minimist 129ms (cache updated)
npm http fetch GET 200 https://registry.npmjs.org/cli-table3 88ms (cache miss)
npm http fetch GET 200 https://registry.npmjs.org/tree-kill 107ms (cache miss)
npm http fetch GET 200 https://registry.npmjs.org/executable 91ms (cache miss)
npm http fetch GET 200 https://registry.npmjs.org/extract-zip 78ms (cache miss)
npm http fetch GET 200 https://registry.npmjs.org/listr2 253ms (cache miss)
npm http fetch GET 200 https://registry.npmjs.org/common-tags 100ms (cache miss)
npm http fetch GET 200 https://registry.npmjs.org/pretty-bytes 82ms (cache miss)
npm http fetch GET 200 https://registry.npmjs.org/log-symbols 96ms (cache updated)
npm http fetch GET 200 https://registry.npmjs.org/commander 145ms (cache updated)
npm http fetch GET 200 https://registry.npmjs.org/@cypress%2fxvfb 80ms (cache miss)
npm http fetch GET 200 https://registry.npmjs.org/mocha 667ms (cache updated)
npm http fetch GET 200 https://registry.npmjs.org/@types%2fsizzle 102ms (cache miss)
npm http fetch GET 200 https://registry.npmjs.org/request-progress 80ms (cache miss)
npm http fetch GET 200 https://registry.npmjs.org/eventemitter2 102ms (cache miss)
npm http fetch GET 200 https://registry.npmjs.org/proxy-from-env 101ms (cache updated)
npm http fetch GET 200 https://registry.npmjs.org/is-installed-globally 87ms (cache updated)
npm http fetch GET 200 https://registry.npmjs.org/check-more-types 96ms (cache miss)
npm http fetch GET 200 https://registry.npmjs.org/@types%2fsinonjs__fake-timers 92ms (cache miss)
npm http fetch GET 200 https://registry.npmjs.org/supports-color 107ms (cache updated)
npm http fetch GET 200 https://registry.npmjs.org/@cypress%2frequest 103ms (cache miss)
npm http fetch GET 200 https://registry.npmjs.org/git-last-commit 903ms (cache updated)
npm http cache https://registry.npmjs.org/proxy-from-env 51ms (cache hit)
npm http cache https://registry.npmjs.org/async 55ms (cache hit)
npm http cache https://registry.npmjs.org/supports-color 21ms (cache hit)
npm http fetch GET 200 https://registry.npmjs.org/readdir-glob 82ms (cache updated)
npm http fetch GET 200 https://registry.npmjs.org/https-proxy-agent 137ms (cache updated)
npm http fetch GET 200 https://registry.npmjs.org/buffer-crc32 144ms (cache updated)
npm http fetch GET 200 https://registry.npmjs.org/archiver-utils 147ms (cache updated)
npm http fetch GET 200 https://registry.npmjs.org/is-running 146ms (cache updated)
npm http fetch GET 200 https://registry.npmjs.org/temp-fs 147ms (cache updated)
npm http fetch GET 200 https://registry.npmjs.org/ps-tree 148ms (cache updated)
npm http fetch GET 200 https://registry.npmjs.org/is-retry-allowed 151ms (cache updated)
npm http fetch GET 200 https://registry.npmjs.org/tar-stream 156ms (cache updated)
npm http fetch GET 200 https://registry.npmjs.org/agent-base 159ms (cache updated)
npm http fetch GET 200 https://registry.npmjs.org/zip-stream 164ms (cache updated)
npm http fetch GET 200 https://registry.npmjs.org/follow-redirects 171ms (cache updated)
npm http fetch GET 200 https://registry.npmjs.org/ansi-styles 172ms (cache updated)
npm http fetch GET 200 https://registry.npmjs.org/string-width 125ms (cache updated)
npm http fetch GET 200 https://registry.npmjs.org/readable-stream 191ms (cache updated)
npm http fetch GET 200 https://registry.npmjs.org/decompress-tar 125ms (cache updated)
npm http fetch GET 200 https://registry.npmjs.org/decompress-tarbz2 127ms (cache updated)
npm http fetch GET 200 https://registry.npmjs.org/decompress-unzip 87ms (cache updated)
npm http fetch GET 200 https://registry.npmjs.org/strip-dirs 92ms (cache updated)
npm http fetch GET 200 https://registry.npmjs.org/make-dir 96ms (cache updated)
npm http fetch GET 200 https://registry.npmjs.org/asynckit 112ms (cache updated)
npm http fetch GET 200 https://registry.npmjs.org/pify 120ms (cache updated)
npm http fetch GET 200 https://registry.npmjs.org/jsonfile 104ms (cache updated)
npm http fetch GET 200 https://registry.npmjs.org/decompress-targz 142ms (cache updated)
npm http fetch GET 200 https://registry.npmjs.org/combined-stream 127ms (cache updated)
npm http fetch GET 200 https://registry.npmjs.org/es-set-tostringtag 125ms (cache updated)
npm http fetch GET 200 https://registry.npmjs.org/mime-types 123ms (cache updated)
npm http fetch GET 200 https://registry.npmjs.org/universalify 107ms (cache updated)
npm http fetch GET 200 https://registry.npmjs.org/once 82ms (cache updated)
npm http fetch GET 200 https://registry.npmjs.org/ini 96ms (cache updated)
npm http fetch GET 200 https://registry.npmjs.org/graceful-fs 124ms (cache updated)
npm http fetch GET 200 https://registry.npmjs.org/graceful-fs 163ms (cache updated)
npm http cache https://registry.npmjs.org/glob 40ms (cache hit)
npm http cache https://registry.npmjs.org/debug 44ms (cache hit)
npm http cache https://registry.npmjs.org/yargs 51ms (cache hit)
npm http fetch GET 200 https://registry.npmjs.org/inflight 134ms (cache updated)
npm http fetch GET 200 https://registry.npmjs.org/inherits 141ms (cache updated)
npm http fetch GET 200 https://registry.npmjs.org/path-is-absolute 124ms (cache updated)
npm http fetch GET 200 https://registry.npmjs.org/fs.realpath 129ms (cache updated)
npm http cache https://registry.npmjs.org/log-symbols 43ms (cache hit)
npm http fetch GET 200 https://registry.npmjs.org/he 134ms (cache updated)
npm http fetch GET 200 https://registry.npmjs.org/ms 133ms (cache updated)
npm http fetch GET 200 https://registry.npmjs.org/diff 138ms (cache updated)
npm http fetch GET 200 https://registry.npmjs.org/minimatch 202ms (cache updated)
npm http fetch GET 200 https://registry.npmjs.org/find-up 176ms (cache updated)
npm http fetch GET 200 https://registry.npmjs.org/ansi-colors 145ms (cache updated)
npm http fetch GET 200 https://registry.npmjs.org/js-yaml 186ms (cache updated)
npm http fetch GET 200 https://registry.npmjs.org/chokidar 198ms (cache updated)
npm http fetch GET 200 https://registry.npmjs.org/escape-string-regexp 114ms (cache updated)
npm http fetch GET 200 https://registry.npmjs.org/workerpool 184ms (cache updated)
npm http fetch GET 200 https://registry.npmjs.org/browser-stdout 137ms (cache updated)
npm http fetch GET 200 https://registry.npmjs.org/@babel%2fruntime 526ms (cache updated)
npm http fetch GET 200 https://registry.npmjs.org/strip-json-comments 156ms (cache updated)
npm http cache https://registry.npmjs.org/lodash 70ms (cache hit)
npm http fetch GET 200 https://registry.npmjs.org/yargs-unparser 165ms (cache updated)
npm http fetch GET 200 https://registry.npmjs.org/minimatch 255ms (cache updated)
npm http fetch GET 200 https://registry.npmjs.org/serialize-javascript 156ms (cache updated)
npm http fetch GET 200 https://registry.npmjs.org/js-message 146ms (cache updated)
npm http cache https://registry.npmjs.org/string-width 72ms (cache hit)
npm http fetch GET 200 https://registry.npmjs.org/js-queue 165ms (cache updated)
npm http cache https://registry.npmjs.org/bluebird 73ms (cache hit)
npm http cache https://registry.npmjs.org/graceful-fs 72ms (cache hit)
npm http fetch GET 200 https://registry.npmjs.org/yargs-parser 231ms (cache updated)
npm http fetch GET 200 https://registry.npmjs.org/event-pubsub 150ms (cache updated)
npm http cache https://registry.npmjs.org/semver 47ms (cache hit)
npm http fetch GET 200 https://registry.npmjs.org/slice-ansi 134ms (cache updated)
npm http cache https://registry.npmjs.org/is-installed-globally 36ms (cache hit)
npm http cache https://registry.npmjs.org/execa 37ms (cache hit)
npm http fetch GET 200 https://registry.npmjs.org/duplexer2 131ms (cache updated)
npm http fetch GET 200 https://registry.npmjs.org/node-int64 114ms (cache updated)
npm http fetch GET 200 https://registry.npmjs.org/pupa 107ms (cache updated)
npm http fetch GET 200 https://registry.npmjs.org/is-npm 105ms (cache updated)
npm http fetch GET 200 https://registry.npmjs.org/boxen 114ms (cache updated)
npm http fetch GET 200 https://registry.npmjs.org/configstore 107ms (cache updated)
npm http fetch GET 200 https://registry.npmjs.org/xdg-basedir 110ms (cache updated)
npm http cache https://registry.npmjs.org/find-up 38ms (cache hit)
npm http fetch GET 200 https://registry.npmjs.org/latest-version 109ms (cache updated)
npm http fetch GET 200 https://registry.npmjs.org/is-in-ci 142ms (cache updated)
npm http fetch GET 200 https://registry.npmjs.org/eyes 98ms (cache updated)
npm http fetch GET 200 https://registry.npmjs.org/semver-diff 134ms (cache updated)
npm http fetch GET 200 https://registry.npmjs.org/import-lazy 148ms (cache updated)
npm http fetch GET 200 https://registry.npmjs.org/ajv 256ms (cache updated)
npm http fetch GET 200 https://registry.npmjs.org/isstream 100ms (cache updated)
npm http cache https://registry.npmjs.org/yargs-parser 49ms (cache hit)
npm http fetch GET 200 https://registry.npmjs.org/stack-trace 108ms (cache updated)
npm http fetch GET 200 https://registry.npmjs.org/cycle 138ms (cache updated)
npm http fetch GET 200 https://registry.npmjs.org/colors 127ms (cache updated)
npm http fetch GET 200 https://registry.npmjs.org/decamelize 93ms (cache updated)
npm http fetch GET 200 https://registry.npmjs.org/y18n 112ms (cache updated)
npm http fetch GET 200 https://registry.npmjs.org/cliui 109ms (cache updated)
npm http fetch GET 200 https://registry.npmjs.org/set-blocking 87ms (cache updated)
npm http fetch GET 200 https://registry.npmjs.org/which-module 93ms (cache updated)
npm http fetch GET 200 https://registry.npmjs.org/get-caller-file 95ms (cache updated)
npm http fetch GET 200 https://registry.npmjs.org/require-directory 96ms (cache updated)
npm http fetch GET 200 https://registry.npmjs.org/require-main-filename 99ms (cache updated)
npm http fetch GET 200 https://registry.npmjs.org/@types%2fnode 650ms (cache updated)
npm http cache https://registry.npmjs.org/inherits 45ms (cache hit)
npm http cache https://registry.npmjs.org/minimatch 46ms (cache hit)
npm http cache https://registry.npmjs.org/inherits 48ms (cache hit)
npm http cache https://registry.npmjs.org/readable-stream 50ms (cache hit)
npm http cache https://registry.npmjs.org/archiver-utils 47ms (cache hit)
npm http fetch GET 200 https://registry.npmjs.org/string_decoder 80ms (cache updated)
npm http fetch GET 200 https://registry.npmjs.org/end-of-stream 82ms (cache updated)
npm http fetch GET 200 https://registry.npmjs.org/bl 83ms (cache updated)
npm http fetch GET 200 https://registry.npmjs.org/lazystream 90ms (cache updated)
npm http fetch GET 200 https://registry.npmjs.org/lodash.defaults 90ms (cache updated)
npm http fetch GET 200 https://registry.npmjs.org/lodash.isplainobject 90ms (cache updated)
npm http fetch GET 200 https://registry.npmjs.org/lodash.flatten 91ms (cache updated)
npm http fetch GET 200 https://registry.npmjs.org/lodash.union 92ms (cache updated)
npm http fetch GET 200 https://registry.npmjs.org/util-deprecate 95ms (cache updated)
npm http fetch GET 200 https://registry.npmjs.org/compress-commons 52ms (cache updated)
npm http fetch GET 200 https://registry.npmjs.org/lodash.difference 102ms (cache updated)
npm http fetch GET 200 https://registry.npmjs.org/fs-constants 104ms (cache updated)
npm http fetch GET 200 https://registry.npmjs.org/normalize-path 135ms (cache updated)
npm http cache https://registry.npmjs.org/string_decoder 15ms (cache hit)
npm http cache https://registry.npmjs.org/util-deprecate 17ms (cache hit)
npm http fetch GET 200 https://registry.npmjs.org/process-nextick-args 50ms (cache updated)
npm http fetch GET 200 https://registry.npmjs.org/safe-buffer 52ms (cache updated)
npm http fetch GET 200 https://registry.npmjs.org/isarray 53ms (cache updated)
npm http fetch GET 200 https://registry.npmjs.org/core-util-is 58ms (cache updated)
npm http fetch GET 200 https://registry.npmjs.org/regenerator-runtime 48ms (cache updated)
npm http fetch GET 200 https://registry.npmjs.org/rimraf 71ms (cache updated)
npm http fetch GET 200 https://registry.npmjs.org/event-stream 109ms (cache updated)
npm http fetch GET 200 https://registry.npmjs.org/has-flag 94ms (cache updated)
npm http fetch GET 200 https://registry.npmjs.org/color-convert 97ms (cache updated)
npm http fetch GET 200 https://registry.npmjs.org/color-name 127ms (cache updated)
npm http fetch GET 200 https://registry.npmjs.org/is-fullwidth-code-point 137ms (cache updated)
npm http fetch GET 200 https://registry.npmjs.org/strip-ansi 140ms (cache updated)
npm http fetch GET 200 https://registry.npmjs.org/emoji-regex 142ms (cache updated)
npm http cache https://registry.npmjs.org/combined-stream 35ms (cache hit)
npm http cache https://registry.npmjs.org/isstream 34ms (cache hit)
npm http cache https://registry.npmjs.org/mime-types 34ms (cache hit)
npm http cache https://registry.npmjs.org/safe-buffer 38ms (cache hit)
npm http fetch GET 200 https://registry.npmjs.org/forever-agent 94ms (cache miss)
npm http fetch GET 200 https://registry.npmjs.org/json-stringify-safe 95ms (cache miss)
npm http fetch GET 200 https://registry.npmjs.org/lodash.once 90ms (cache miss)
npm http fetch GET 200 https://registry.npmjs.org/extend 98ms (cache miss)
npm http fetch GET 200 https://registry.npmjs.org/caseless 102ms (cache miss)
npm http fetch GET 200 https://registry.npmjs.org/tough-cookie 99ms (cache miss)
npm http cache https://registry.npmjs.org/ansi-colors 23ms (cache hit)
npm http fetch GET 200 https://registry.npmjs.org/is-typedarray 157ms (cache updated)
npm http fetch GET 200 https://registry.npmjs.org/restore-cursor 123ms (cache miss)
npm http fetch GET 200 https://registry.npmjs.org/aws-sign2 167ms (cache miss)
npm http fetch GET 200 https://registry.npmjs.org/base64-js 133ms (cache updated)
npm http fetch GET 200 https://registry.npmjs.org/@colors%2fcolors 128ms (cache miss)
npm http cache https://registry.npmjs.org/pify 11ms (cache hit)
npm http fetch GET 200 https://registry.npmjs.org/ieee754 180ms (cache updated)
npm http fetch GET 200 https://registry.npmjs.org/get-stream 119ms (cache updated)
npm http fetch GET 200 https://registry.npmjs.org/onetime 127ms (cache updated)
npm http fetch GET 200 https://registry.npmjs.org/signal-exit 120ms (cache updated)
npm http fetch GET 200 https://registry.npmjs.org/is-stream 129ms (cache updated)
npm http fetch GET 200 https://registry.npmjs.org/merge-stream 108ms (cache updated)
npm http fetch GET 200 https://registry.npmjs.org/tunnel-agent 231ms (cache miss)
npm http cache https://registry.npmjs.org/escape-string-regexp 20ms (cache hit)
npm http cache https://registry.npmjs.org/jsonfile 22ms (cache hit)
npm http cache https://registry.npmjs.org/universalify 21ms (cache hit)
npm http fetch GET 200 https://registry.npmjs.org/performance-now 267ms (cache miss)
npm http fetch GET 200 https://registry.npmjs.org/npm-run-path 112ms (cache updated)
npm http fetch GET 200 https://registry.npmjs.org/http-signature 284ms (cache miss)
npm http fetch GET 200 https://registry.npmjs.org/strip-final-newline 122ms (cache updated)
npm http fetch GET 200 https://registry.npmjs.org/@types%2fyauzl 112ms (cache miss)
npm http fetch GET 200 https://registry.npmjs.org/get-stream 124ms (cache updated)
npm http fetch GET 200 https://registry.npmjs.org/human-signals 133ms (cache updated)
npm http fetch GET 200 https://registry.npmjs.org/aws4 311ms (cache miss)
npm http fetch GET 200 https://registry.npmjs.org/qs 320ms (cache miss)
npm http fetch GET 200 https://registry.npmjs.org/at-least-node 101ms (cache miss)
npm http fetch GET 200 https://registry.npmjs.org/global-dirs 101ms (cache updated)
npm http fetch GET 200 https://registry.npmjs.org/is-path-inside 98ms (cache updated)
npm http fetch GET 200 https://registry.npmjs.org/through 84ms (cache updated)
npm http fetch GET 200 https://registry.npmjs.org/rfdc 95ms (cache miss)
npm http fetch GET 200 https://registry.npmjs.org/p-map 89ms (cache miss)
npm http fetch GET 200 https://registry.npmjs.org/colorette 64ms (cache miss)
npm http fetch GET 200 https://registry.npmjs.org/rxjs 100ms (cache miss)
npm http fetch GET 200 https://registry.npmjs.org/wrap-ansi 87ms (cache updated)
npm http fetch GET 200 https://registry.npmjs.org/cli-truncate 75ms (cache miss)
npm http fetch GET 200 https://registry.npmjs.org/log-update 76ms (cache miss)
npm http fetch GET 200 https://registry.npmjs.org/cross-spawn 304ms (cache updated)
npm http fetch GET 200 https://registry.npmjs.org/is-unicode-supported 116ms (cache updated)
npm http fetch GET 200 https://registry.npmjs.org/throttleit 115ms (cache miss)
npm http fetch GET 200 https://registry.npmjs.org/fd-slicer 139ms (cache updated)
npm http fetch GET 200 https://registry.npmjs.org/delayed-stream 80ms (cache updated)
npm http fetch GET 200 https://registry.npmjs.org/side-channel 81ms (cache miss)
npm http fetch GET 200 https://registry.npmjs.org/assert-plus 83ms (cache miss)
npm http fetch GET 200 https://registry.npmjs.org/jsprim 90ms (cache miss)
npm http fetch GET 200 https://registry.npmjs.org/sshpk 93ms (cache miss)
npm http fetch GET 200 https://registry.npmjs.org/mime-db 97ms (cache updated)
npm http fetch GET 200 https://registry.npmjs.org/tldts 177ms (cache miss)
npm http cache https://registry.npmjs.org/ms 11ms (cache hit)
npm http cache https://registry.npmjs.org/is-stream 32ms (cache hit)
npm http cache https://registry.npmjs.org/is-stream 32ms (cache hit)
npm http cache https://registry.npmjs.org/is-stream 31ms (cache hit)
npm http cache https://registry.npmjs.org/get-stream 31ms (cache hit)
npm http cache https://registry.npmjs.org/tar-stream 38ms (cache hit)
npm http fetch GET 200 https://registry.npmjs.org/unbzip2-stream 135ms (cache updated)
npm http fetch GET 200 https://registry.npmjs.org/is-natural-number 139ms (cache updated)
npm http fetch GET 200 https://registry.npmjs.org/seek-bzip 279ms (cache updated)
npm http fetch GET 200 https://registry.npmjs.org/file-type 402ms (cache updated)
npm http fetch GET 200 https://registry.npmjs.org/file-type 423ms (cache updated)
npm http fetch GET 200 https://registry.npmjs.org/file-type 604ms (cache updated)
npm http fetch GET 200 https://registry.npmjs.org/file-type 692ms (cache updated)
npm http cache https://registry.npmjs.org/end-of-stream 23ms (cache hit)
npm http cache https://registry.npmjs.org/bl 26ms (cache hit)
npm http fetch GET 200 https://registry.npmjs.org/buffer-alloc 109ms (cache updated)
npm http fetch GET 200 https://registry.npmjs.org/to-buffer 110ms (cache updated)
npm http fetch GET 200 https://registry.npmjs.org/xtend 111ms (cache updated)
npm http cache https://registry.npmjs.org/commander 13ms (cache hit)
npm http fetch GET 200 https://registry.npmjs.org/pinkie-promise 102ms (cache updated)
npm http fetch GET 200 https://registry.npmjs.org/object-assign 104ms (cache updated)
npm http fetch GET 200 https://registry.npmjs.org/ansi-regex 130ms (cache updated)
npm http fetch GET 200 https://registry.npmjs.org/mimic-fn 136ms (cache updated)
npm http fetch GET 200 https://registry.npmjs.org/path-key 141ms (cache updated)
npm http fetch GET 200 https://registry.npmjs.org/which 142ms (cache updated)
npm http fetch GET 200 https://registry.npmjs.org/path-key 147ms (cache updated)
npm http fetch GET 200 https://registry.npmjs.org/shebang-command 149ms (cache updated)
npm http fetch GET 200 https://registry.npmjs.org/pump 150ms (cache miss)
npm http fetch GET 200 https://registry.npmjs.org/shebang-regex 102ms (cache updated)
npm http fetch GET 200 https://registry.npmjs.org/isexe 104ms (cache updated)
npm http cache https://registry.npmjs.org/@types%2fnode 42ms (cache hit)
npm http fetch GET 200 https://registry.npmjs.org/undici-types 77ms (cache miss)
npm http fetch GET 200 https://registry.npmjs.org/has-tostringtag 128ms (cache updated)
npm http fetch GET 200 https://registry.npmjs.org/get-intrinsic 132ms (cache updated)
npm http fetch GET 200 https://registry.npmjs.org/hasown 133ms (cache updated)
npm http fetch GET 200 https://registry.npmjs.org/es-errors 135ms (cache updated)
npm http fetch GET 200 https://registry.npmjs.org/es-define-property 138ms (cache updated)
npm http fetch GET 200 https://registry.npmjs.org/math-intrinsics 138ms (cache updated)
npm http fetch GET 200 https://registry.npmjs.org/call-bind-apply-helpers 142ms (cache updated)
npm http fetch GET 200 https://registry.npmjs.org/function-bind 141ms (cache updated)
npm http fetch GET 200 https://registry.npmjs.org/gopd 142ms (cache updated)
npm http fetch GET 200 https://registry.npmjs.org/has-symbols 143ms (cache updated)
npm http fetch GET 200 https://registry.npmjs.org/get-proto 145ms (cache updated)
npm http fetch GET 200 https://registry.npmjs.org/function-bind 145ms (cache updated)
npm http fetch GET 200 https://registry.npmjs.org/has-symbols 147ms (cache updated)
npm http fetch GET 200 https://registry.npmjs.org/es-object-atoms 152ms (cache updated)
npm http fetch GET 200 https://registry.npmjs.org/dunder-proto 51ms (cache updated)
npm http fetch GET 200 https://registry.npmjs.org/pinkie 45ms (cache updated)
npm http fetch GET 200 https://registry.npmjs.org/wrappy 103ms (cache updated)
npm http fetch GET 200 https://registry.npmjs.org/wrappy 103ms (cache updated)
npm http fetch GET 200 https://registry.npmjs.org/brace-expansion 104ms (cache updated)
npm http fetch GET 200 https://registry.npmjs.org/extsprintf 129ms (cache miss)
npm http fetch GET 200 https://registry.npmjs.org/json-schema 130ms (cache miss)
npm http fetch GET 200 https://registry.npmjs.org/ecc-jsbn 129ms (cache miss)
npm http fetch GET 200 https://registry.npmjs.org/safer-buffer 129ms (cache miss)
npm http fetch GET 200 https://registry.npmjs.org/getpass 131ms (cache miss)
npm http fetch GET 200 https://registry.npmjs.org/asn1 132ms (cache miss)
npm http fetch GET 200 https://registry.npmjs.org/verror 134ms (cache miss)
npm http fetch GET 200 https://registry.npmjs.org/dashdash 133ms (cache miss)
npm http fetch GET 200 https://registry.npmjs.org/jsbn 208ms (cache miss)
npm http fetch GET 200 https://registry.npmjs.org/bcrypt-pbkdf 266ms (cache miss)
npm http fetch GET 200 https://registry.npmjs.org/tweetnacl 270ms (cache miss)
npm http cache https://registry.npmjs.org/ini 7ms (cache hit)
npm http cache https://registry.npmjs.org/core-util-is 8ms (cache hit)
npm http cache https://registry.npmjs.org/wrap-ansi 11ms (cache hit)
npm http cache https://registry.npmjs.org/slice-ansi 31ms (cache hit)
npm http cache https://registry.npmjs.org/slice-ansi 33ms (cache hit)
npm http fetch GET 200 https://registry.npmjs.org/ansi-escapes 74ms (cache miss)
npm http fetch GET 200 https://registry.npmjs.org/aggregate-error 76ms (cache miss)
npm http fetch GET 200 https://registry.npmjs.org/tslib 79ms (cache miss)
npm http fetch GET 200 https://registry.npmjs.org/astral-regex 56ms (cache updated)
npm http fetch GET 200 https://registry.npmjs.org/type-fest 238ms (cache updated)
npm http fetch GET 200 https://registry.npmjs.org/concat-map 54ms (cache updated)
npm http fetch GET 200 https://registry.npmjs.org/balanced-match 56ms (cache updated)
npm http cache https://registry.npmjs.org/cliui 37ms (cache hit)
npm http cache https://registry.npmjs.org/get-caller-file 37ms (cache hit)
npm http cache https://registry.npmjs.org/y18n 43ms (cache hit)
npm http cache https://registry.npmjs.org/brace-expansion 45ms (cache hit)
npm http cache https://registry.npmjs.org/decamelize 15ms (cache hit)
npm http fetch GET 200 https://registry.npmjs.org/braces 72ms (cache updated)
npm http fetch GET 200 https://registry.npmjs.org/anymatch 76ms (cache updated)
npm http fetch GET 200 https://registry.npmjs.org/is-binary-path 98ms (cache updated)
npm http fetch GET 200 https://registry.npmjs.org/path-exists 99ms (cache updated)
npm http fetch GET 200 https://registry.npmjs.org/locate-path 100ms (cache updated)
npm http fetch GET 200 https://registry.npmjs.org/is-glob 104ms (cache updated)
npm http fetch GET 200 https://registry.npmjs.org/argparse 102ms (cache updated)
npm http fetch GET 200 https://registry.npmjs.org/glob-parent 105ms (cache updated)
npm http fetch GET 200 https://registry.npmjs.org/escalade 103ms (cache updated)
npm http fetch GET 200 https://registry.npmjs.org/camelcase 100ms (cache updated)
npm http fetch GET 200 https://registry.npmjs.org/readdirp 110ms (cache updated)
npm http fetch GET 200 https://registry.npmjs.org/randombytes 108ms (cache updated)
npm http fetch GET 200 https://registry.npmjs.org/is-plain-obj 65ms (cache updated)
npm http fetch GET 200 https://registry.npmjs.org/fsevents 112ms (cache updated)
npm http fetch GET 200 https://registry.npmjs.org/flat 83ms (cache updated)
npm http cache https://registry.npmjs.org/is-glob 13ms (cache hit)
npm http fetch GET 200 https://registry.npmjs.org/picomatch 50ms (cache updated)
npm http fetch GET 200 https://registry.npmjs.org/is-extglob 57ms (cache updated)
npm http fetch GET 200 https://registry.npmjs.org/binary-extensions 57ms (cache updated)
npm http fetch GET 200 https://registry.npmjs.org/fill-range 59ms (cache updated)
npm http fetch GET 200 https://registry.npmjs.org/picomatch 60ms (cache updated)
npm http fetch GET 200 https://registry.npmjs.org/to-regex-range 46ms (cache updated)
npm http fetch GET 200 https://registry.npmjs.org/is-number 63ms (cache updated)
npm http fetch GET 200 https://registry.npmjs.org/p-locate 55ms (cache updated)
npm http fetch GET 200 https://registry.npmjs.org/p-limit 61ms (cache updated)
npm http fetch GET 200 https://registry.npmjs.org/easy-stack 84ms (cache updated)
npm http fetch GET 200 https://registry.npmjs.org/yocto-queue 58ms (cache updated)
npm http fetch GET 200 https://registry.npmjs.org/clean-stack 38ms (cache miss)
npm http fetch GET 200 https://registry.npmjs.org/indent-string 41ms (cache miss)
npm http fetch GET 200 https://registry.npmjs.org/from 63ms (cache updated)
npm http fetch GET 200 https://registry.npmjs.org/stream-combiner 63ms (cache updated)
npm http fetch GET 200 https://registry.npmjs.org/pause-stream 65ms (cache updated)
npm http fetch GET 200 https://registry.npmjs.org/split 66ms (cache updated)
npm http fetch GET 200 https://registry.npmjs.org/duplexer 76ms (cache updated)
npm http fetch GET 200 https://registry.npmjs.org/map-stream 614ms (cache updated)
npm http fetch GET 200 https://registry.npmjs.org/side-channel-map 41ms (cache miss)
npm http fetch GET 200 https://registry.npmjs.org/side-channel-weakmap 56ms (cache miss)
npm http fetch GET 200 https://registry.npmjs.org/side-channel-list 65ms (cache miss)
npm http fetch GET 200 https://registry.npmjs.org/object-inspect 68ms (cache miss)
npm http fetch GET 200 https://registry.npmjs.org/call-bound 40ms (cache miss)
npm http fetch GET 200 https://registry.npmjs.org/call-bound 53ms (cache miss)
npm http cache https://registry.npmjs.org/tweetnacl 35ms (cache hit)
npm http cache https://registry.npmjs.org/safer-buffer 37ms (cache hit)
npm http cache https://registry.npmjs.org/safer-buffer 37ms (cache hit)
npm http cache https://registry.npmjs.org/astral-regex 48ms (cache hit)
npm http cache https://registry.npmjs.org/ansi-styles 51ms (cache hit)
npm http cache https://registry.npmjs.org/is-fullwidth-code-point 53ms (cache hit)
npm http cache https://registry.npmjs.org/is-fullwidth-code-point 54ms (cache hit)
npm http cache https://registry.npmjs.org/strip-ansi 54ms (cache hit)
npm http cache https://registry.npmjs.org/emoji-regex 55ms (cache hit)
npm http fetch GET 200 https://registry.npmjs.org/fast-json-stable-stringify 63ms (cache updated)
npm http fetch GET 200 https://registry.npmjs.org/fast-deep-equal 66ms (cache updated)
npm http fetch GET 200 https://registry.npmjs.org/json-schema-traverse 78ms (cache updated)
npm http fetch GET 200 https://registry.npmjs.org/uri-js 87ms (cache updated)
npm http fetch GET 200 https://registry.npmjs.org/punycode 51ms (cache updated)
npm http fetch GET 200 https://registry.npmjs.org/tldts-core 89ms (cache miss)
npm http cache https://registry.npmjs.org/camelcase 28ms (cache hit)
npm http cache https://registry.npmjs.org/type-fest 33ms (cache hit)
npm http cache https://registry.npmjs.org/xdg-basedir 35ms (cache hit)
npm http fetch GET 200 https://registry.npmjs.org/ansi-align 64ms (cache updated)
npm http fetch GET 200 https://registry.npmjs.org/widest-line 76ms (cache updated)
npm http fetch GET 200 https://registry.npmjs.org/escape-goat 77ms (cache updated)
npm http fetch GET 200 https://registry.npmjs.org/dot-prop 80ms (cache updated)
npm http fetch GET 200 https://registry.npmjs.org/cli-boxes 84ms (cache updated)
npm http fetch GET 200 https://registry.npmjs.org/write-file-atomic 85ms (cache updated)
npm http fetch GET 200 https://registry.npmjs.org/unique-string 86ms (cache updated)
npm http fetch GET 200 https://registry.npmjs.org/package-json 91ms (cache updated)
npm http fetch GET 200 https://registry.npmjs.org/eastasianwidth 47ms (cache updated)
npm http fetch GET 200 https://registry.npmjs.org/crypto-random-string 53ms (cache updated)
npm http fetch GET 200 https://registry.npmjs.org/imurmurhash 60ms (cache updated)
npm http fetch GET 200 https://registry.npmjs.org/typedarray-to-buffer 63ms (cache updated)
npm http fetch GET 200 https://registry.npmjs.org/is-obj 66ms (cache updated)
npm http fetch GET 200 https://registry.npmjs.org/registry-url 61ms (cache updated)
npm http fetch GET 200 https://registry.npmjs.org/registry-auth-token 63ms (cache updated)
npm http fetch GET 200 https://registry.npmjs.org/got 74ms (cache updated)
npm http fetch GET 200 https://registry.npmjs.org/p-cancelable 80ms (cache updated)
npm http fetch GET 200 https://registry.npmjs.org/lowercase-keys 87ms (cache updated)
npm http fetch GET 200 https://registry.npmjs.org/decompress-response 106ms (cache updated)
npm http fetch GET 200 https://registry.npmjs.org/responselike 109ms (cache updated)
npm http fetch GET 200 https://registry.npmjs.org/rc 107ms (cache updated)
npm http fetch GET 200 https://registry.npmjs.org/@pnpm%2fnpm-conf 110ms (cache updated)
npm http fetch GET 200 https://registry.npmjs.org/@szmarczak%2fhttp-timer 113ms (cache updated)
npm http fetch GET 200 https://registry.npmjs.org/cacheable-lookup 115ms (cache updated)
npm http fetch GET 200 https://registry.npmjs.org/form-data-encoder 116ms (cache updated)
npm http fetch GET 200 https://registry.npmjs.org/http2-wrapper 122ms (cache updated)
npm http fetch GET 200 https://registry.npmjs.org/cacheable-request 124ms (cache updated)
npm http fetch GET 200 https://registry.npmjs.org/@sindresorhus%2fis 128ms (cache updated)
npm http fetch GET 200 https://registry.npmjs.org/mimic-response 75ms (cache updated)
npm http fetch GET 200 https://registry.npmjs.org/resolve-alpn 76ms (cache updated)
npm http fetch GET 200 https://registry.npmjs.org/@types%2fhttp-cache-semantics 79ms (cache updated)
npm http fetch GET 200 https://registry.npmjs.org/quick-lru 80ms (cache updated)
npm http fetch GET 200 https://registry.npmjs.org/http-cache-semantics 83ms (cache updated)
npm http fetch GET 200 https://registry.npmjs.org/normalize-url 86ms (cache updated)
npm http fetch GET 200 https://registry.npmjs.org/keyv 88ms (cache updated)
npm http fetch GET 200 https://registry.npmjs.org/mimic-response 91ms (cache updated)
npm http fetch GET 200 https://registry.npmjs.org/defer-to-connect 94ms (cache updated)
npm http fetch GET 200 https://registry.npmjs.org/json-buffer 52ms (cache updated)
npm http fetch GET 200 https://registry.npmjs.org/@pnpm%2fconfig.env-replace 69ms (cache updated)
npm http fetch GET 200 https://registry.npmjs.org/config-chain 72ms (cache updated)
npm http fetch GET 200 https://registry.npmjs.org/@pnpm%2fnetwork.ca-file 74ms (cache updated)
npm http fetch GET 200 https://registry.npmjs.org/proto-list 49ms (cache updated)
npm http cache https://registry.npmjs.org/strip-json-comments 9ms (cache hit)
npm http fetch GET 200 https://registry.npmjs.org/deep-extend 56ms (cache updated)
npm http cache https://registry.npmjs.org/human-signals 14ms (cache hit)
npm http cache https://registry.npmjs.org/locate-path 10ms (cache hit)
npm http cache https://registry.npmjs.org/ansi-regex 12ms (cache hit)
npm http fetch GET 200 https://registry.npmjs.org/pend 47ms (cache updated)
npm http fetch GET 200 https://registry.npmjs.org/crc32-stream 47ms (cache updated)
npm http fetch GET 200 https://registry.npmjs.org/crc-32 52ms (cache updated)
npm http cache https://registry.npmjs.org/color-convert 9ms (cache hit)
npm http cache https://registry.npmjs.org/color-name 7ms (cache hit)
npm http fetch GET 200 https://registry.npmjs.org/buffer-fill 57ms (cache updated)
npm http fetch GET 200 https://registry.npmjs.org/buffer-alloc-unsafe 66ms (cache updated)
npm http cache https://registry.npmjs.org/p-locate 9ms (cache hit)
npm http cache https://registry.npmjs.org/path-exists 10ms (cache hit)
npm http cache https://registry.npmjs.org/p-limit 7ms (cache hit)
npm http fetch GET 200 https://registry.npmjs.org/p-try 47ms (cache updated)
npm verbose reify failed optional dependency D:\Web Automation\saucedemo-e2e-cypress\tmpBstackPackages\node_modules\fsevents
npm http cache p-try@https://registry.npmjs.org/p-try/-/p-try-2.2.0.tgz 0ms (cache hit)
npm http cache pump@https://registry.npmjs.org/pump/-/pump-3.0.2.tgz 0ms (cache hit)
npm http cache buffer-fill@https://registry.npmjs.org/buffer-fill/-/buffer-fill-1.0.0.tgz 0ms (cache hit)
npm http cache buffer-alloc-unsafe@https://registry.npmjs.org/buffer-alloc-unsafe/-/buffer-alloc-unsafe-1.1.0.tgz 0ms (cache hit)
npm http cache escalade@https://registry.npmjs.org/escalade/-/escalade-3.2.0.tgz 0ms (cache hit)
npm http cache xtend@https://registry.npmjs.org/xtend/-/xtend-4.0.2.tgz 0ms (cache hit)
npm http cache to-buffer@https://registry.npmjs.org/to-buffer/-/to-buffer-1.1.1.tgz 0ms (cache hit)
npm http cache buffer-alloc@https://registry.npmjs.org/buffer-alloc/-/buffer-alloc-1.2.0.tgz 0ms (cache hit)
npm http cache at-least-node@https://registry.npmjs.org/at-least-node/-/at-least-node-1.0.0.tgz 0ms (cache hit)
npm http cache process-nextick-args@https://registry.npmjs.org/process-nextick-args/-/process-nextick-args-2.0.1.tgz 0ms (cache hit)
npm http cache isarray@https://registry.npmjs.org/isarray/-/isarray-1.0.0.tgz 0ms (cache hit)
npm http cache eastasianwidth@https://registry.npmjs.org/eastasianwidth/-/eastasianwidth-0.2.0.tgz 0ms (cache hit)
npm http cache crc32-stream@https://registry.npmjs.org/crc32-stream/-/crc32-stream-4.0.3.tgz 0ms (cache hit)
npm http cache crc-32@https://registry.npmjs.org/crc-32/-/crc-32-1.2.2.tgz 0ms (cache hit)
npm http cache compress-commons@https://registry.npmjs.org/compress-commons/-/compress-commons-4.1.2.tgz 0ms (cache hit)
npm http cache pend@https://registry.npmjs.org/pend/-/pend-1.2.0.tgz 0ms (cache hit)
npm http cache is-plain-obj@https://registry.npmjs.org/is-plain-obj/-/is-plain-obj-2.1.0.tgz 0ms (cache hit)
npm http cache fd-slicer@https://registry.npmjs.org/fd-slicer/-/fd-slicer-1.1.0.tgz 0ms (cache hit)
npm http cache flat@https://registry.npmjs.org/flat/-/flat-5.0.2.tgz 0ms (cache hit)
npm http cache y18n@https://registry.npmjs.org/y18n/-/y18n-4.0.3.tgz 0ms (cache hit)
npm http cache set-blocking@https://registry.npmjs.org/set-blocking/-/set-blocking-2.0.0.tgz 0ms (cache hit)
npm http cache which-module@https://registry.npmjs.org/which-module/-/which-module-2.0.1.tgz 0ms (cache hit)
npm http cache require-main-filename@https://registry.npmjs.org/require-main-filename/-/require-main-filename-2.0.0.tgz 0ms (cache hit)
npm http cache require-directory@https://registry.npmjs.org/require-directory/-/require-directory-2.1.1.tgz 0ms (cache hit)
npm http cache decamelize@https://registry.npmjs.org/decamelize/-/decamelize-1.2.0.tgz 0ms (cache hit)
npm http cache cliui@https://registry.npmjs.org/cliui/-/cliui-5.0.0.tgz 0ms (cache hit)
npm http cache get-caller-file@https://registry.npmjs.org/get-caller-file/-/get-caller-file-2.0.5.tgz 0ms (cache hit)
npm http cache typedarray-to-buffer@https://registry.npmjs.org/typedarray-to-buffer/-/typedarray-to-buffer-3.1.5.tgz 0ms (cache hit)
npm http cache stack-trace@https://registry.npmjs.org/stack-trace/-/stack-trace-0.0.10.tgz 0ms (cache hit)
npm http cache eyes@https://registry.npmjs.org/eyes/-/eyes-0.1.8.tgz 0ms (cache hit)
npm http cache cycle@https://registry.npmjs.org/cycle/-/cycle-1.0.3.tgz 0ms (cache hit)
npm http cache imurmurhash@https://registry.npmjs.org/imurmurhash/-/imurmurhash-0.1.4.tgz 0ms (cache hit)
npm http cache colors@https://registry.npmjs.org/colors/-/colors-1.0.3.tgz 0ms (cache hit)
npm http cache isexe@https://registry.npmjs.org/isexe/-/isexe-2.0.0.tgz 0ms (cache hit)
npm http cache core-util-is@https://registry.npmjs.org/core-util-is/-/core-util-is-1.0.2.tgz 0ms (cache hit)
npm http cache punycode@https://registry.npmjs.org/punycode/-/punycode-2.3.1.tgz 0ms (cache hit)
npm http cache crypto-random-string@https://registry.npmjs.org/crypto-random-string/-/crypto-random-string-4.0.0.tgz 0ms (cache hit)
npm http cache deep-extend@https://registry.npmjs.org/deep-extend/-/deep-extend-0.6.0.tgz 0ms (cache hit)
npm http cache config-chain@https://registry.npmjs.org/config-chain/-/config-chain-1.1.13.tgz 0ms (cache hit)
npm http cache proto-list@https://registry.npmjs.org/proto-list/-/proto-list-1.2.4.tgz 0ms (cache hit)
npm http cache rc@https://registry.npmjs.org/rc/-/rc-1.2.8.tgz 0ms (cache hit)
npm http cache escape-goat@https://registry.npmjs.org/escape-goat/-/escape-goat-4.0.0.tgz 0ms (cache hit)
npm http cache resolve-alpn@https://registry.npmjs.org/resolve-alpn/-/resolve-alpn-1.2.1.tgz 0ms (cache hit)
npm http cache json-buffer@https://registry.npmjs.org/json-buffer/-/json-buffer-3.0.1.tgz 0ms (cache hit)
npm http cache quick-lru@https://registry.npmjs.org/quick-lru/-/quick-lru-5.1.1.tgz 0ms (cache hit)
npm http cache normalize-url@https://registry.npmjs.org/normalize-url/-/normalize-url-8.0.1.tgz 0ms (cache hit)
npm http cache mimic-response@https://registry.npmjs.org/mimic-response/-/mimic-response-4.0.0.tgz 0ms (cache hit)
npm http cache keyv@https://registry.npmjs.org/keyv/-/keyv-4.5.4.tgz 0ms (cache hit)
npm http cache @pnpm/network.ca-file@https://registry.npmjs.org/@pnpm/network.ca-file/-/network.ca-file-1.0.2.tgz 0ms (cache hit)
npm http cache http-cache-semantics@https://registry.npmjs.org/http-cache-semantics/-/http-cache-semantics-4.1.1.tgz 0ms (cache hit)
npm http cache @types/http-cache-semantics@https://registry.npmjs.org/@types/http-cache-semantics/-/http-cache-semantics-4.0.4.tgz 0ms (cache hit)
npm http cache defer-to-connect@https://registry.npmjs.org/defer-to-connect/-/defer-to-connect-2.0.1.tgz 0ms (cache hit)
npm http cache @pnpm/config.env-replace@https://registry.npmjs.org/@pnpm/config.env-replace/-/config.env-replace-1.1.0.tgz 0ms (cache hit)
npm http cache @pnpm/npm-conf@https://registry.npmjs.org/@pnpm/npm-conf/-/npm-conf-2.3.1.tgz 0ms (cache hit)
npm http cache responselike@https://registry.npmjs.org/responselike/-/responselike-3.0.0.tgz 0ms (cache hit)
npm http cache p-cancelable@https://registry.npmjs.org/p-cancelable/-/p-cancelable-3.0.0.tgz 0ms (cache hit)
npm http cache lowercase-keys@https://registry.npmjs.org/lowercase-keys/-/lowercase-keys-3.0.0.tgz 0ms (cache hit)
npm http cache http2-wrapper@https://registry.npmjs.org/http2-wrapper/-/http2-wrapper-2.2.1.tgz 0ms (cache hit)
npm http cache form-data-encoder@https://registry.npmjs.org/form-data-encoder/-/form-data-encoder-2.1.4.tgz 0ms (cache hit)
npm http cache decompress-response@https://registry.npmjs.org/decompress-response/-/decompress-response-6.0.0.tgz 0ms (cache hit)
npm http cache @szmarczak/http-timer@https://registry.npmjs.org/@szmarczak/http-timer/-/http-timer-5.0.1.tgz 0ms (cache hit)
npm http cache @sindresorhus/is@https://registry.npmjs.org/@sindresorhus/is/-/is-5.6.0.tgz 0ms (cache hit)
npm http cache cacheable-lookup@https://registry.npmjs.org/cacheable-lookup/-/cacheable-lookup-7.0.0.tgz 0ms (cache hit)
npm http cache registry-auth-token@https://registry.npmjs.org/registry-auth-token/-/registry-auth-token-5.1.0.tgz 0ms (cache hit)
npm http cache cacheable-request@https://registry.npmjs.org/cacheable-request/-/cacheable-request-10.2.14.tgz 0ms (cache hit)
npm http cache registry-url@https://registry.npmjs.org/registry-url/-/registry-url-6.0.1.tgz 0ms (cache hit)
npm http cache got@https://registry.npmjs.org/got/-/got-12.6.1.tgz 0ms (cache hit)
npm http cache package-json@https://registry.npmjs.org/package-json/-/package-json-8.1.1.tgz 0ms (cache hit)
npm http cache is-obj@https://registry.npmjs.org/is-obj/-/is-obj-2.0.0.tgz 0ms (cache hit)
npm http cache unique-string@https://registry.npmjs.org/unique-string/-/unique-string-3.0.0.tgz 0ms (cache hit)
npm http cache write-file-atomic@https://registry.npmjs.org/write-file-atomic/-/write-file-atomic-3.0.3.tgz 1ms (cache hit)
npm http cache dot-prop@https://registry.npmjs.org/dot-prop/-/dot-prop-6.0.1.tgz 0ms (cache hit)
npm http cache widest-line@https://registry.npmjs.org/widest-line/-/widest-line-4.0.1.tgz 0ms (cache hit)
npm http cache cli-boxes@https://registry.npmjs.org/cli-boxes/-/cli-boxes-3.0.0.tgz 0ms (cache hit)
npm http cache camelcase@https://registry.npmjs.org/camelcase/-/camelcase-7.0.1.tgz 0ms (cache hit)
npm http cache ansi-align@https://registry.npmjs.org/ansi-align/-/ansi-align-3.0.1.tgz 0ms (cache hit)
npm http cache xdg-basedir@https://registry.npmjs.org/xdg-basedir/-/xdg-basedir-5.1.0.tgz 0ms (cache hit)
npm http cache semver-diff@https://registry.npmjs.org/semver-diff/-/semver-diff-4.0.0.tgz 0ms (cache hit)
npm http cache pupa@https://registry.npmjs.org/pupa/-/pupa-3.1.0.tgz 0ms (cache hit)
npm http cache latest-version@https://registry.npmjs.org/latest-version/-/latest-version-7.0.0.tgz 0ms (cache hit)
npm http cache is-npm@https://registry.npmjs.org/is-npm/-/is-npm-6.0.0.tgz 0ms (cache hit)
npm http cache is-in-ci@https://registry.npmjs.org/is-in-ci/-/is-in-ci-0.1.0.tgz 0ms (cache hit)
npm http cache import-lazy@https://registry.npmjs.org/import-lazy/-/import-lazy-4.0.0.tgz 0ms (cache hit)
npm http cache configstore@https://registry.npmjs.org/configstore/-/configstore-6.0.0.tgz 0ms (cache hit)
npm http cache node-int64@https://registry.npmjs.org/node-int64/-/node-int64-0.4.0.tgz 0ms (cache hit)
npm http cache boxen@https://registry.npmjs.org/boxen/-/boxen-7.1.1.tgz 0ms (cache hit)
npm http cache duplexer2@https://registry.npmjs.org/duplexer2/-/duplexer2-0.1.4.tgz 0ms (cache hit)
npm http cache tldts-core@https://registry.npmjs.org/tldts-core/-/tldts-core-6.1.84.tgz 0ms (cache hit)
npm http cache is-number@https://registry.npmjs.org/is-number/-/is-number-7.0.0.tgz 0ms (cache hit)
npm http cache tldts@https://registry.npmjs.org/tldts/-/tldts-6.1.84.tgz 0ms (cache hit)
npm http cache rimraf@https://registry.npmjs.org/rimraf/-/rimraf-2.5.4.tgz 0ms (cache hit)
npm http cache fs-constants@https://registry.npmjs.org/fs-constants/-/fs-constants-1.0.0.tgz 0ms (cache hit)
npm http cache end-of-stream@https://registry.npmjs.org/end-of-stream/-/end-of-stream-1.4.4.tgz 0ms (cache hit)
npm http cache bl@https://registry.npmjs.org/bl/-/bl-4.1.0.tgz 0ms (cache hit)
npm http cache uri-js@https://registry.npmjs.org/uri-js/-/uri-js-4.4.1.tgz 0ms (cache hit)
npm http cache fast-json-stable-stringify@https://registry.npmjs.org/fast-json-stable-stringify/-/fast-json-stable-stringify-2.1.0.tgz 0ms (cache hit)
npm http cache json-schema-traverse@https://registry.npmjs.org/json-schema-traverse/-/json-schema-traverse-0.4.1.tgz 0ms (cache hit)
npm http cache fast-deep-equal@https://registry.npmjs.org/fast-deep-equal/-/fast-deep-equal-3.1.3.tgz 0ms (cache hit)
npm http cache has-flag@https://registry.npmjs.org/has-flag/-/has-flag-4.0.0.tgz 0ms (cache hit)
npm http cache ajv@https://registry.npmjs.org/ajv/-/ajv-6.12.6.tgz 0ms (cache hit)
npm http cache is-natural-number@https://registry.npmjs.org/is-natural-number/-/is-natural-number-4.0.1.tgz 0ms (cache hit)
npm http cache ansi-regex@https://registry.npmjs.org/ansi-regex/-/ansi-regex-5.0.1.tgz 0ms (cache hit)
npm http cache emoji-regex@https://registry.npmjs.org/emoji-regex/-/emoji-regex-8.0.0.tgz 0ms (cache hit)
npm http cache safer-buffer@https://registry.npmjs.org/safer-buffer/-/safer-buffer-2.1.2.tgz 0ms (cache hit)
npm http cache tweetnacl@https://registry.npmjs.org/tweetnacl/-/tweetnacl-0.14.5.tgz 0ms (cache hit)
npm http cache getpass@https://registry.npmjs.org/getpass/-/getpass-0.1.7.tgz 0ms (cache hit)
npm http cache jsbn@https://registry.npmjs.org/jsbn/-/jsbn-0.1.1.tgz 0ms (cache hit)
npm http cache dashdash@https://registry.npmjs.org/dashdash/-/dashdash-1.14.1.tgz 0ms (cache hit)
npm http cache bcrypt-pbkdf@https://registry.npmjs.org/bcrypt-pbkdf/-/bcrypt-pbkdf-1.0.2.tgz 0ms (cache hit)
npm http cache ecc-jsbn@https://registry.npmjs.org/ecc-jsbn/-/ecc-jsbn-0.1.2.tgz 0ms (cache hit)
npm http cache asn1@https://registry.npmjs.org/asn1/-/asn1-0.2.6.tgz 0ms (cache hit)
npm http cache call-bound@https://registry.npmjs.org/call-bound/-/call-bound-1.0.4.tgz 0ms (cache hit)
npm http cache is-fullwidth-code-point@https://registry.npmjs.org/is-fullwidth-code-point/-/is-fullwidth-code-point-3.0.0.tgz 0ms (cache hit)
npm http cache side-channel-weakmap@https://registry.npmjs.org/side-channel-weakmap/-/side-channel-weakmap-1.0.2.tgz 0ms (cache hit)
npm http cache astral-regex@https://registry.npmjs.org/astral-regex/-/astral-regex-2.0.0.tgz 0ms (cache hit)
npm http cache side-channel-list@https://registry.npmjs.org/side-channel-list/-/side-channel-list-1.0.0.tgz 0ms (cache hit)
npm http cache side-channel-map@https://registry.npmjs.org/side-channel-map/-/side-channel-map-1.0.1.tgz 0ms (cache hit)
npm http cache object-inspect@https://registry.npmjs.org/object-inspect/-/object-inspect-1.13.4.tgz 0ms (cache hit)
npm http cache shebang-regex@https://registry.npmjs.org/shebang-regex/-/shebang-regex-3.0.0.tgz 0ms (cache hit)
npm http cache randombytes@https://registry.npmjs.org/randombytes/-/randombytes-2.1.0.tgz 0ms (cache hit)
npm http cache tslib@https://registry.npmjs.org/tslib/-/tslib-2.8.1.tgz 0ms (cache hit)
npm http cache throttleit@https://registry.npmjs.org/throttleit/-/throttleit-1.0.1.tgz 0ms (cache hit)
npm http cache util-deprecate@https://registry.npmjs.org/util-deprecate/-/util-deprecate-1.0.2.tgz 0ms (cache hit)
npm http cache string_decoder@https://registry.npmjs.org/string_decoder/-/string_decoder-1.3.0.tgz 0ms (cache hit)
npm http cache side-channel@https://registry.npmjs.org/side-channel/-/side-channel-1.1.0.tgz 0ms (cache hit)
npm http cache stream-combiner@https://registry.npmjs.org/stream-combiner/-/stream-combiner-0.0.4.tgz 0ms (cache hit)
npm http cache split@https://registry.npmjs.org/split/-/split-0.3.3.tgz 0ms (cache hit)
npm http cache pause-stream@https://registry.npmjs.org/pause-stream/-/pause-stream-0.0.11.tgz 0ms (cache hit)
npm http cache map-stream@https://registry.npmjs.org/map-stream/-/map-stream-0.1.0.tgz 0ms (cache hit)
npm http cache from@https://registry.npmjs.org/from/-/from-0.1.7.tgz 0ms (cache hit)
npm http cache duplexer@https://registry.npmjs.org/duplexer/-/duplexer-0.1.2.tgz 0ms (cache hit)
npm http cache pinkie@https://registry.npmjs.org/pinkie/-/pinkie-2.0.4.tgz 0ms (cache hit)
npm http cache event-stream@https://registry.npmjs.org/event-stream/-/event-stream-3.3.4.tgz 0ms (cache hit)
npm http cache indent-string@https://registry.npmjs.org/indent-string/-/indent-string-4.0.0.tgz 0ms (cache hit)
npm http cache clean-stack@https://registry.npmjs.org/clean-stack/-/clean-stack-2.2.0.tgz 0ms (cache hit)
npm http cache p-limit@https://registry.npmjs.org/p-limit/-/p-limit-3.1.0.tgz 0ms (cache hit)
npm http cache mimic-fn@https://registry.npmjs.org/mimic-fn/-/mimic-fn-2.1.0.tgz 0ms (cache hit)
npm http cache yocto-queue@https://registry.npmjs.org/yocto-queue/-/yocto-queue-0.1.0.tgz 0ms (cache hit)
npm http cache aggregate-error@https://registry.npmjs.org/aggregate-error/-/aggregate-error-3.1.0.tgz 0ms (cache hit)
npm http cache js-queue@https://registry.npmjs.org/js-queue/-/js-queue-2.0.0.tgz 0ms (cache hit)
npm http cache event-pubsub@https://registry.npmjs.org/event-pubsub/-/event-pubsub-4.3.0.tgz 0ms (cache hit)
npm http cache easy-stack@https://registry.npmjs.org/easy-stack/-/easy-stack-1.0.1.tgz 0ms (cache hit)
npm http cache js-message@https://registry.npmjs.org/js-message/-/js-message-1.0.5.tgz 0ms (cache hit)
npm http cache p-locate@https://registry.npmjs.org/p-locate/-/p-locate-5.0.0.tgz 0ms (cache hit)
npm http cache argparse@https://registry.npmjs.org/argparse/-/argparse-2.0.1.tgz 0ms (cache hit)
npm http cache binary-extensions@https://registry.npmjs.org/binary-extensions/-/binary-extensions-2.3.0.tgz 0ms (cache hit)
npm http cache is-extglob@https://registry.npmjs.org/is-extglob/-/is-extglob-2.1.1.tgz 0ms (cache hit)
npm http cache path-exists@https://registry.npmjs.org/path-exists/-/path-exists-4.0.0.tgz 0ms (cache hit)
npm http cache locate-path@https://registry.npmjs.org/locate-path/-/locate-path-6.0.0.tgz 0ms (cache hit)
npm http cache fill-range@https://registry.npmjs.org/fill-range/-/fill-range-7.1.1.tgz 0ms (cache hit)
npm http cache to-regex-range@https://registry.npmjs.org/to-regex-range/-/to-regex-range-5.0.1.tgz 0ms (cache hit)
npm http cache picomatch@https://registry.npmjs.org/picomatch/-/picomatch-2.3.1.tgz 0ms (cache hit)
npm http cache is-glob@https://registry.npmjs.org/is-glob/-/is-glob-4.0.3.tgz 0ms (cache hit)
npm http cache readdirp@https://registry.npmjs.org/readdirp/-/readdirp-3.6.0.tgz 0ms (cache hit)
npm http cache glob-parent@https://registry.npmjs.org/glob-parent/-/glob-parent-5.1.2.tgz 0ms (cache hit)
npm http cache braces@https://registry.npmjs.org/braces/-/braces-3.0.3.tgz 0ms (cache hit)
npm http cache is-binary-path@https://registry.npmjs.org/is-binary-path/-/is-binary-path-2.1.0.tgz 0ms (cache hit)
npm http cache anymatch@https://registry.npmjs.org/anymatch/-/anymatch-3.1.3.tgz 0ms (cache hit)
npm http cache yargs-unparser@https://registry.npmjs.org/yargs-unparser/-/yargs-unparser-2.0.0.tgz 0ms (cache hit)
npm http cache workerpool@https://registry.npmjs.org/workerpool/-/workerpool-6.5.1.tgz 0ms (cache hit)
npm http cache serialize-javascript@https://registry.npmjs.org/serialize-javascript/-/serialize-javascript-6.0.2.tgz 0ms (cache hit)
npm http cache strip-json-comments@https://registry.npmjs.org/strip-json-comments/-/strip-json-comments-3.1.1.tgz 0ms (cache hit)
npm http cache yargs-parser@https://registry.npmjs.org/yargs-parser/-/yargs-parser-20.2.9.tgz 0ms (cache hit)
npm http cache js-yaml@https://registry.npmjs.org/js-yaml/-/js-yaml-4.1.0.tgz 0ms (cache hit)
npm http cache he@https://registry.npmjs.org/he/-/he-1.2.0.tgz 0ms (cache hit)
npm http cache diff@https://registry.npmjs.org/diff/-/diff-5.2.0.tgz 0ms (cache hit)
npm http cache find-up@https://registry.npmjs.org/find-up/-/find-up-5.0.0.tgz 0ms (cache hit)
npm http cache browser-stdout@https://registry.npmjs.org/browser-stdout/-/browser-stdout-1.3.1.tgz 0ms (cache hit)
npm http cache chokidar@https://registry.npmjs.org/chokidar/-/chokidar-3.6.0.tgz 0ms (cache hit)
npm http cache concat-map@https://registry.npmjs.org/concat-map/-/concat-map-0.0.1.tgz 0ms (cache hit)
npm http cache balanced-match@https://registry.npmjs.org/balanced-match/-/balanced-match-1.0.2.tgz 0ms (cache hit)
npm http cache brace-expansion@https://registry.npmjs.org/brace-expansion/-/brace-expansion-1.1.11.tgz 0ms (cache hit)
npm http cache type-fest@https://registry.npmjs.org/type-fest/-/type-fest-0.21.3.tgz 0ms (cache hit)
npm http cache mime-db@https://registry.npmjs.org/mime-db/-/mime-db-1.52.0.tgz 0ms (cache hit)
npm http cache ansi-escapes@https://registry.npmjs.org/ansi-escapes/-/ansi-escapes-4.3.2.tgz 0ms (cache hit)
npm http cache is-unicode-supported@https://registry.npmjs.org/is-unicode-supported/-/is-unicode-supported-0.1.0.tgz 0ms (cache hit)
npm http cache wrap-ansi@https://registry.npmjs.org/wrap-ansi/-/wrap-ansi-7.0.0.tgz 0ms (cache hit)
npm http cache slice-ansi@https://registry.npmjs.org/slice-ansi/-/slice-ansi-3.0.0.tgz 0ms (cache hit)
npm http cache through@https://registry.npmjs.org/through/-/through-2.3.8.tgz 0ms (cache hit)
npm http cache rxjs@https://registry.npmjs.org/rxjs/-/rxjs-7.8.2.tgz 0ms (cache hit)
npm http cache rfdc@https://registry.npmjs.org/rfdc/-/rfdc-1.4.1.tgz 0ms (cache hit)
npm http cache log-update@https://registry.npmjs.org/log-update/-/log-update-4.0.0.tgz 0ms (cache hit)
npm http cache p-map@https://registry.npmjs.org/p-map/-/p-map-4.0.0.tgz 0ms (cache hit)
npm http cache cli-truncate@https://registry.npmjs.org/cli-truncate/-/cli-truncate-2.1.0.tgz 0ms (cache hit)
npm http cache json-schema@https://registry.npmjs.org/json-schema/-/json-schema-0.4.0.tgz 0ms (cache hit)
npm http cache verror@https://registry.npmjs.org/verror/-/verror-1.10.0.tgz 1ms (cache hit)
npm http cache colorette@https://registry.npmjs.org/colorette/-/colorette-2.0.20.tgz 0ms (cache hit)
npm http cache extsprintf@https://registry.npmjs.org/extsprintf/-/extsprintf-1.3.0.tgz 0ms (cache hit)
npm http cache is-path-inside@https://registry.npmjs.org/is-path-inside/-/is-path-inside-3.0.3.tgz 0ms (cache hit)
npm http cache sshpk@https://registry.npmjs.org/sshpk/-/sshpk-1.18.0.tgz 0ms (cache hit)
npm http cache wrappy@https://registry.npmjs.org/wrappy/-/wrappy-1.0.2.tgz 0ms (cache hit)
npm http cache global-dirs@https://registry.npmjs.org/global-dirs/-/global-dirs-3.0.1.tgz 0ms (cache hit)
npm http cache jsprim@https://registry.npmjs.org/jsprim/-/jsprim-2.0.2.tgz 0ms (cache hit)
npm http cache assert-plus@https://registry.npmjs.org/assert-plus/-/assert-plus-1.0.0.tgz 0ms (cache hit)
npm http cache path-is-absolute@https://registry.npmjs.org/path-is-absolute/-/path-is-absolute-1.0.1.tgz 0ms (cache hit)
npm http cache once@https://registry.npmjs.org/once/-/once-1.4.0.tgz 0ms (cache hit)
npm http cache minimatch@https://registry.npmjs.org/minimatch/-/minimatch-3.1.2.tgz 0ms (cache hit)
npm http cache inflight@https://registry.npmjs.org/inflight/-/inflight-1.0.6.tgz 0ms (cache hit)
npm http cache inherits@https://registry.npmjs.org/inherits/-/inherits-2.0.4.tgz 0ms (cache hit)
npm http cache fs.realpath@https://registry.npmjs.org/fs.realpath/-/fs.realpath-1.0.0.tgz 0ms (cache hit)
npm http cache ini@https://registry.npmjs.org/ini/-/ini-1.3.8.tgz 0ms (cache hit)
npm http cache object-assign@https://registry.npmjs.org/object-assign/-/object-assign-4.1.1.tgz 0ms (cache hit)
npm http cache pinkie-promise@https://registry.npmjs.org/pinkie-promise/-/pinkie-promise-2.0.1.tgz 0ms (cache hit)
npm http cache dunder-proto@https://registry.npmjs.org/dunder-proto/-/dunder-proto-1.0.1.tgz 0ms (cache hit)
npm http cache math-intrinsics@https://registry.npmjs.org/math-intrinsics/-/math-intrinsics-1.1.0.tgz 0ms (cache hit)
npm http cache has-symbols@https://registry.npmjs.org/has-symbols/-/has-symbols-1.1.0.tgz 0ms (cache hit)
npm http cache gopd@https://registry.npmjs.org/gopd/-/gopd-1.2.0.tgz 0ms (cache hit)
npm http cache get-proto@https://registry.npmjs.org/get-proto/-/get-proto-1.0.1.tgz 0ms (cache hit)
npm http cache es-define-property@https://registry.npmjs.org/es-define-property/-/es-define-property-1.0.1.tgz 0ms (cache hit)
npm http cache function-bind@https://registry.npmjs.org/function-bind/-/function-bind-1.1.2.tgz 0ms (cache hit)
npm http cache es-object-atoms@https://registry.npmjs.org/es-object-atoms/-/es-object-atoms-1.1.1.tgz 0ms (cache hit)
npm http cache call-bind-apply-helpers@https://registry.npmjs.org/call-bind-apply-helpers/-/call-bind-apply-helpers-1.0.2.tgz 0ms (cache hit)
npm http cache universalify@https://registry.npmjs.org/universalify/-/universalify-0.1.2.tgz 0ms (cache hit)
npm http cache hasown@https://registry.npmjs.org/hasown/-/hasown-2.0.2.tgz 0ms (cache hit)
npm http cache has-tostringtag@https://registry.npmjs.org/has-tostringtag/-/has-tostringtag-1.0.2.tgz 0ms (cache hit)
npm http cache jsonfile@https://registry.npmjs.org/jsonfile/-/jsonfile-4.0.0.tgz 0ms (cache hit)
npm http cache es-errors@https://registry.npmjs.org/es-errors/-/es-errors-1.3.0.tgz 0ms (cache hit)
npm http cache es-set-tostringtag@https://registry.npmjs.org/es-set-tostringtag/-/es-set-tostringtag-2.1.0.tgz 0ms (cache hit)
npm http cache get-intrinsic@https://registry.npmjs.org/get-intrinsic/-/get-intrinsic-1.3.0.tgz 0ms (cache hit)
npm http cache @types/node@https://registry.npmjs.org/@types/node/-/node-22.13.10.tgz 0ms (cache hit)
npm http cache @types/yauzl@https://registry.npmjs.org/@types/yauzl/-/yauzl-2.10.3.tgz 1ms (cache hit)
npm http cache asynckit@https://registry.npmjs.org/asynckit/-/asynckit-0.4.0.tgz 0ms (cache hit)
npm http cache escape-string-regexp@https://registry.npmjs.org/escape-string-regexp/-/escape-string-regexp-1.0.5.tgz 0ms (cache hit)
npm http cache undici-types@https://registry.npmjs.org/undici-types/-/undici-types-6.20.0.tgz 0ms (cache hit)
npm http cache which@https://registry.npmjs.org/which/-/which-2.0.2.tgz 0ms (cache hit)
npm http cache shebang-command@https://registry.npmjs.org/shebang-command/-/shebang-command-2.0.0.tgz 0ms (cache hit)
npm http cache strip-final-newline@https://registry.npmjs.org/strip-final-newline/-/strip-final-newline-2.0.0.tgz 0ms (cache hit)
npm http cache path-key@https://registry.npmjs.org/path-key/-/path-key-3.1.1.tgz 0ms (cache hit)
npm http cache signal-exit@https://registry.npmjs.org/signal-exit/-/signal-exit-3.0.7.tgz 0ms (cache hit)
npm http cache npm-run-path@https://registry.npmjs.org/npm-run-path/-/npm-run-path-4.0.1.tgz 0ms (cache hit)
npm http cache onetime@https://registry.npmjs.org/onetime/-/onetime-5.1.2.tgz 0ms (cache hit)
npm http cache merge-stream@https://registry.npmjs.org/merge-stream/-/merge-stream-2.0.0.tgz 0ms (cache hit)
npm http cache human-signals@https://registry.npmjs.org/human-signals/-/human-signals-1.1.1.tgz 0ms (cache hit)
npm http cache strip-ansi@https://registry.npmjs.org/strip-ansi/-/strip-ansi-6.0.1.tgz 0ms (cache hit)
npm http cache cross-spawn@https://registry.npmjs.org/cross-spawn/-/cross-spawn-7.0.6.tgz 0ms (cache hit)
npm http cache ansi-colors@https://registry.npmjs.org/ansi-colors/-/ansi-colors-4.1.3.tgz 0ms (cache hit)
npm http cache unbzip2-stream@https://registry.npmjs.org/unbzip2-stream/-/unbzip2-stream-1.4.3.tgz 0ms (cache hit)
npm http cache get-stream@https://registry.npmjs.org/get-stream/-/get-stream-2.3.1.tgz 0ms (cache hit)
npm http cache seek-bzip@https://registry.npmjs.org/seek-bzip/-/seek-bzip-1.0.6.tgz 0ms (cache hit)
npm http cache is-stream@https://registry.npmjs.org/is-stream/-/is-stream-1.1.0.tgz 0ms (cache hit)
npm http cache file-type@https://registry.npmjs.org/file-type/-/file-type-5.2.0.tgz 0ms (cache hit)
npm http cache pify@https://registry.npmjs.org/pify/-/pify-2.3.0.tgz 0ms (cache hit)
npm http cache strip-dirs@https://registry.npmjs.org/strip-dirs/-/strip-dirs-2.1.0.tgz 0ms (cache hit)
npm http cache make-dir@https://registry.npmjs.org/make-dir/-/make-dir-1.3.0.tgz 0ms (cache hit)
npm http cache decompress-unzip@https://registry.npmjs.org/decompress-unzip/-/decompress-unzip-4.0.1.tgz 0ms (cache hit)
npm http cache decompress-tarbz2@https://registry.npmjs.org/decompress-tarbz2/-/decompress-tarbz2-4.1.1.tgz 0ms (cache hit)
npm http cache decompress-targz@https://registry.npmjs.org/decompress-targz/-/decompress-targz-4.1.1.tgz 0ms (cache hit)
npm http cache decompress-tar@https://registry.npmjs.org/decompress-tar/-/decompress-tar-4.1.1.tgz 0ms (cache hit)
npm http cache @colors/colors@https://registry.npmjs.org/@colors/colors/-/colors-1.5.0.tgz 0ms (cache hit)
npm http cache ms@https://registry.npmjs.org/ms/-/ms-2.1.3.tgz 0ms (cache hit)
npm http cache delayed-stream@https://registry.npmjs.org/delayed-stream/-/delayed-stream-1.0.0.tgz 0ms (cache hit)
npm http cache restore-cursor@https://registry.npmjs.org/restore-cursor/-/restore-cursor-3.1.0.tgz 0ms (cache hit)
npm http cache ieee754@https://registry.npmjs.org/ieee754/-/ieee754-1.2.1.tgz 0ms (cache hit)
npm http cache base64-js@https://registry.npmjs.org/base64-js/-/base64-js-1.5.1.tgz 0ms (cache hit)
npm http cache lodash.once@https://registry.npmjs.org/lodash.once/-/lodash.once-4.1.1.tgz 0ms (cache hit)
npm http cache tunnel-agent@https://registry.npmjs.org/tunnel-agent/-/tunnel-agent-0.6.0.tgz 0ms (cache hit)
npm http cache tough-cookie@https://registry.npmjs.org/tough-cookie/-/tough-cookie-5.1.2.tgz 0ms (cache hit)
npm http cache safe-buffer@https://registry.npmjs.org/safe-buffer/-/safe-buffer-5.2.1.tgz 0ms (cache hit)
npm http cache qs@https://registry.npmjs.org/qs/-/qs-6.14.0.tgz 0ms (cache hit)
npm http cache performance-now@https://registry.npmjs.org/performance-now/-/performance-now-2.1.0.tgz 0ms (cache hit)
npm http cache mime-types@https://registry.npmjs.org/mime-types/-/mime-types-2.1.35.tgz 0ms (cache hit)
npm http cache json-stringify-safe@https://registry.npmjs.org/json-stringify-safe/-/json-stringify-safe-5.0.1.tgz 0ms (cache hit)
npm http cache isstream@https://registry.npmjs.org/isstream/-/isstream-0.1.2.tgz 0ms (cache hit)
npm http cache http-signature@https://registry.npmjs.org/http-signature/-/http-signature-1.4.0.tgz 0ms (cache hit)
npm http cache is-typedarray@https://registry.npmjs.org/is-typedarray/-/is-typedarray-1.0.0.tgz 0ms (cache hit)
npm http cache forever-agent@https://registry.npmjs.org/forever-agent/-/forever-agent-0.6.1.tgz 0ms (cache hit)
npm http cache extend@https://registry.npmjs.org/extend/-/extend-3.0.2.tgz 0ms (cache hit)
npm http cache combined-stream@https://registry.npmjs.org/combined-stream/-/combined-stream-1.0.8.tgz 0ms (cache hit)
npm http cache caseless@https://registry.npmjs.org/caseless/-/caseless-0.12.0.tgz 0ms (cache hit)
npm http cache aws4@https://registry.npmjs.org/aws4/-/aws4-1.13.2.tgz 0ms (cache hit)
npm http cache aws-sign2@https://registry.npmjs.org/aws-sign2/-/aws-sign2-0.7.0.tgz 0ms (cache hit)
npm http cache yauzl@https://registry.npmjs.org/yauzl/-/yauzl-2.10.0.tgz 0ms (cache hit)
npm http cache untildify@https://registry.npmjs.org/untildify/-/untildify-4.0.0.tgz 0ms (cache hit)
npm http cache tree-kill@https://registry.npmjs.org/tree-kill/-/tree-kill-1.2.2.tgz 0ms (cache hit)
npm http cache request-progress@https://registry.npmjs.org/request-progress/-/request-progress-3.0.0.tgz 0ms (cache hit)
npm http cache process@https://registry.npmjs.org/process/-/process-0.11.10.tgz 0ms (cache hit)
npm http cache semver@https://registry.npmjs.org/semver/-/semver-7.7.1.tgz 0ms (cache hit)
npm http cache pretty-bytes@https://registry.npmjs.org/pretty-bytes/-/pretty-bytes-5.6.0.tgz 0ms (cache hit)
npm http cache tmp@https://registry.npmjs.org/tmp/-/tmp-0.2.3.tgz 0ms (cache hit)
npm http cache ospath@https://registry.npmjs.org/ospath/-/ospath-1.2.2.tgz 0ms (cache hit)
npm http cache minimist@https://registry.npmjs.org/minimist/-/minimist-1.2.8.tgz 0ms (cache hit)
npm http cache log-symbols@https://registry.npmjs.org/log-symbols/-/log-symbols-4.1.0.tgz 0ms (cache hit)
npm http cache lodash@https://registry.npmjs.org/lodash/-/lodash-4.17.21.tgz 0ms (cache hit)
npm http cache listr2@https://registry.npmjs.org/listr2/-/listr2-3.14.0.tgz 0ms (cache hit)
npm http cache lazy-ass@https://registry.npmjs.org/lazy-ass/-/lazy-ass-1.6.0.tgz 0ms (cache hit)
npm http cache is-installed-globally@https://registry.npmjs.org/is-installed-globally/-/is-installed-globally-0.4.0.tgz 0ms (cache hit)
npm http cache getos@https://registry.npmjs.org/getos/-/getos-3.2.1.tgz 0ms (cache hit)
npm http cache figures@https://registry.npmjs.org/figures/-/figures-3.2.0.tgz 0ms (cache hit)
npm http cache executable@https://registry.npmjs.org/executable/-/executable-4.1.1.tgz 0ms (cache hit)
npm http cache execa@https://registry.npmjs.org/execa/-/execa-4.1.0.tgz 0ms (cache hit)
npm http cache extract-zip@https://registry.npmjs.org/extract-zip/-/extract-zip-2.0.1.tgz 0ms (cache hit)
npm http cache eventemitter2@https://registry.npmjs.org/eventemitter2/-/eventemitter2-6.4.7.tgz 0ms (cache hit)
npm http cache dayjs@https://registry.npmjs.org/dayjs/-/dayjs-1.11.13.tgz 0ms (cache hit)
npm http cache enquirer@https://registry.npmjs.org/enquirer/-/enquirer-2.4.1.tgz 0ms (cache hit)
npm http cache commander@https://registry.npmjs.org/commander/-/commander-6.2.1.tgz 0ms (cache hit)
npm http cache common-tags@https://registry.npmjs.org/common-tags/-/common-tags-1.8.2.tgz 0ms (cache hit)
npm http cache cli-table3@https://registry.npmjs.org/cli-table3/-/cli-table3-0.6.5.tgz 0ms (cache hit)
npm http cache ci-info@https://registry.npmjs.org/ci-info/-/ci-info-4.2.0.tgz 0ms (cache hit)
npm http cache cli-cursor@https://registry.npmjs.org/cli-cursor/-/cli-cursor-3.1.0.tgz 0ms (cache hit)
npm http cache check-more-types@https://registry.npmjs.org/check-more-types/-/check-more-types-2.24.0.tgz 0ms (cache hit)
npm http cache buffer@https://registry.npmjs.org/buffer/-/buffer-5.7.1.tgz 0ms (cache hit)
npm http cache bluebird@https://registry.npmjs.org/bluebird/-/bluebird-3.7.2.tgz 0ms (cache hit)
npm http cache cachedir@https://registry.npmjs.org/cachedir/-/cachedir-2.4.0.tgz 0ms (cache hit)
npm http cache @types/sinonjs__fake-timers@https://registry.npmjs.org/@types/sinonjs__fake-timers/-/sinonjs__fake-timers-8.1.1.tgz 0ms (cache hit)
npm http cache @types/sizzle@https://registry.npmjs.org/@types/sizzle/-/sizzle-2.3.9.tgz 0ms (cache hit)
npm http cache @cypress/request@https://registry.npmjs.org/@cypress/request/-/request-3.0.8.tgz 0ms (cache hit)
npm http cache @cypress/xvfb@https://registry.npmjs.org/@cypress/xvfb/-/xvfb-1.2.4.tgz 0ms (cache hit)
npm http cache arch@https://registry.npmjs.org/arch/-/arch-2.2.0.tgz 0ms (cache hit)
npm http cache blob-util@https://registry.npmjs.org/blob-util/-/blob-util-2.0.2.tgz 0ms (cache hit)
npm http cache string-width@https://registry.npmjs.org/string-width/-/string-width-4.2.3.tgz 0ms (cache hit)
npm http cache supports-color@https://registry.npmjs.org/supports-color/-/supports-color-7.2.0.tgz 0ms (cache hit)
npm http cache ansi-styles@https://registry.npmjs.org/ansi-styles/-/ansi-styles-4.3.0.tgz 0ms (cache hit)
npm http cache color-name@https://registry.npmjs.org/color-name/-/color-name-1.1.4.tgz 0ms (cache hit)
npm http cache color-convert@https://registry.npmjs.org/color-convert/-/color-convert-2.0.1.tgz 0ms (cache hit)
npm http cache debug@https://registry.npmjs.org/debug/-/debug-4.4.0.tgz 0ms (cache hit)
npm http cache temp-fs@https://registry.npmjs.org/temp-fs/-/temp-fs-0.9.9.tgz 0ms (cache hit)
npm http cache ps-tree@https://registry.npmjs.org/ps-tree/-/ps-tree-1.2.0.tgz 0ms (cache hit)
npm http cache is-running@https://registry.npmjs.org/is-running/-/is-running-2.1.0.tgz 0ms (cache hit)
npm http cache agent-base@https://registry.npmjs.org/agent-base/-/agent-base-6.0.2.tgz 0ms (cache hit)
npm http cache @babel/runtime@https://registry.npmjs.org/@babel/runtime/-/runtime-7.26.10.tgz 0ms (cache hit)
npm http cache is-retry-allowed@https://registry.npmjs.org/is-retry-allowed/-/is-retry-allowed-2.2.0.tgz 0ms (cache hit)
npm http cache regenerator-runtime@https://registry.npmjs.org/regenerator-runtime/-/regenerator-runtime-0.14.1.tgz 0ms (cache hit)
npm http cache https-proxy-agent@https://registry.npmjs.org/https-proxy-agent/-/https-proxy-agent-5.0.1.tgz 0ms (cache hit)
npm http cache proxy-from-env@https://registry.npmjs.org/proxy-from-env/-/proxy-from-env-1.1.0.tgz 0ms (cache hit)
npm http cache follow-redirects@https://registry.npmjs.org/follow-redirects/-/follow-redirects-1.15.9.tgz 0ms (cache hit)
npm http cache normalize-path@https://registry.npmjs.org/normalize-path/-/normalize-path-3.0.0.tgz 0ms (cache hit)
npm http cache lodash.isplainobject@https://registry.npmjs.org/lodash.isplainobject/-/lodash.isplainobject-4.0.6.tgz 0ms (cache hit)
npm http cache lodash.union@https://registry.npmjs.org/lodash.union/-/lodash.union-4.6.0.tgz 0ms (cache hit)
npm http cache lodash.flatten@https://registry.npmjs.org/lodash.flatten/-/lodash.flatten-4.4.0.tgz 0ms (cache hit)
npm http cache lodash.defaults@https://registry.npmjs.org/lodash.defaults/-/lodash.defaults-4.2.0.tgz 0ms (cache hit)
npm http cache lodash.difference@https://registry.npmjs.org/lodash.difference/-/lodash.difference-4.5.0.tgz 0ms (cache hit)
npm http cache lazystream@https://registry.npmjs.org/lazystream/-/lazystream-1.0.1.tgz 0ms (cache hit)
npm http cache graceful-fs@https://registry.npmjs.org/graceful-fs/-/graceful-fs-4.2.11.tgz 0ms (cache hit)
npm http cache tar-stream@https://registry.npmjs.org/tar-stream/-/tar-stream-2.2.0.tgz 0ms (cache hit)
npm http cache readdir-glob@https://registry.npmjs.org/readdir-glob/-/readdir-glob-1.1.3.tgz 0ms (cache hit)
npm http cache zip-stream@https://registry.npmjs.org/zip-stream/-/zip-stream-4.1.1.tgz 0ms (cache hit)
npm http cache readable-stream@https://registry.npmjs.org/readable-stream/-/readable-stream-3.6.2.tgz 0ms (cache hit)
npm http cache buffer-crc32@https://registry.npmjs.org/buffer-crc32/-/buffer-crc32-0.2.13.tgz 0ms (cache hit)
npm http cache archiver-utils@https://registry.npmjs.org/archiver-utils/-/archiver-utils-2.1.0.tgz 0ms (cache hit)
npm http cache yargs@https://registry.npmjs.org/yargs/-/yargs-14.2.3.tgz 0ms (cache hit)
npm http cache winston@https://registry.npmjs.org/winston/-/winston-2.4.4.tgz 0ms (cache hit)
npm http cache windows-release@https://registry.npmjs.org/windows-release/-/windows-release-5.1.1.tgz 0ms (cache hit)
npm http cache uuid@https://registry.npmjs.org/uuid/-/uuid-8.3.2.tgz 0ms (cache hit)
npm http cache update-notifier@https://registry.npmjs.org/update-notifier/-/update-notifier-7.0.0.tgz 0ms (cache hit)
npm http cache table@https://registry.npmjs.org/table/-/table-5.4.6.tgz 0ms (cache hit)
npm http cache node-ipc@https://registry.npmjs.org/node-ipc/-/node-ipc-9.1.1.tgz 0ms (cache hit)
npm http cache unzipper@https://registry.npmjs.org/unzipper/-/unzipper-0.12.3.tgz 0ms (cache hit)
npm http cache mocha@https://registry.npmjs.org/mocha/-/mocha-10.8.2.tgz 0ms (cache hit)
npm http cache glob@https://registry.npmjs.org/glob/-/glob-7.2.3.tgz 0ms (cache hit)
npm http cache mkdirp@https://registry.npmjs.org/mkdirp/-/mkdirp-1.0.4.tgz 0ms (cache hit)
npm http cache gitconfiglocal@https://registry.npmjs.org/gitconfiglocal/-/gitconfiglocal-2.1.0.tgz 0ms (cache hit)
npm http cache git-repo-info@https://registry.npmjs.org/git-repo-info/-/git-repo-info-2.1.1.tgz 0ms (cache hit)
npm http cache git-last-commit@https://registry.npmjs.org/git-last-commit/-/git-last-commit-1.0.1.tgz 0ms (cache hit)
npm http cache getmac@https://registry.npmjs.org/getmac/-/getmac-5.20.0.tgz 0ms (cache hit)
npm http cache fs-extra@https://registry.npmjs.org/fs-extra/-/fs-extra-8.1.0.tgz 0ms (cache hit)
npm http cache form-data@https://registry.npmjs.org/form-data/-/form-data-4.0.2.tgz 0ms (cache hit)
npm http cache cli-progress@https://registry.npmjs.org/cli-progress/-/cli-progress-3.12.0.tgz 0ms (cache hit)
npm http cache decompress@https://registry.npmjs.org/decompress/-/decompress-4.2.1.tgz 0ms (cache hit)
npm http cache chalk@https://registry.npmjs.org/chalk/-/chalk-4.1.2.tgz 0ms (cache hit)
npm http cache browserstack-local@https://registry.npmjs.org/browserstack-local/-/browserstack-local-1.5.4.tgz 0ms (cache hit)
npm http cache axios-retry@https://registry.npmjs.org/axios-retry/-/axios-retry-3.9.1.tgz 0ms (cache hit)
npm http cache axios@https://registry.npmjs.org/axios/-/axios-1.8.4.tgz 0ms (cache hit)
npm http cache async@https://registry.npmjs.org/async/-/async-3.2.3.tgz 0ms (cache hit)
npm http cache color-name@https://registry.npmjs.org/color-name/-/color-name-1.1.3.tgz 0ms (cache hit)
npm http cache color-convert@https://registry.npmjs.org/color-convert/-/color-convert-1.9.3.tgz 0ms (cache hit)
npm http cache archiver@https://registry.npmjs.org/archiver/-/archiver-5.3.0.tgz 0ms (cache hit)
npm http cache browserstack-cypress-cli@https://registry.npmjs.org/browserstack-cypress-cli/-/browserstack-cypress-cli-1.32.7.tgz 0ms (cache hit)
npm http cache cypress@https://registry.npmjs.org/cypress/-/cypress-14.2.0.tgz 0ms (cache hit)
npm http cache ansi-styles@https://registry.npmjs.org/ansi-styles/-/ansi-styles-3.2.1.tgz 0ms (cache hit)
npm http cache ansi-regex@https://registry.npmjs.org/ansi-regex/-/ansi-regex-4.1.1.tgz 0ms (cache hit)
npm http cache wrap-ansi@https://registry.npmjs.org/wrap-ansi/-/wrap-ansi-5.1.0.tgz 0ms (cache hit)
npm http cache is-fullwidth-code-point@https://registry.npmjs.org/is-fullwidth-code-point/-/is-fullwidth-code-point-2.0.0.tgz 0ms (cache hit)
npm http cache strip-ansi@https://registry.npmjs.org/strip-ansi/-/strip-ansi-5.2.0.tgz 0ms (cache hit)
npm http cache string-width@https://registry.npmjs.org/string-width/-/string-width-3.1.0.tgz 0ms (cache hit)
npm http cache strip-json-comments@https://registry.npmjs.org/strip-json-comments/-/strip-json-comments-2.0.1.tgz 0ms (cache hit)
npm http cache graceful-fs@https://registry.npmjs.org/graceful-fs/-/graceful-fs-4.2.10.tgz 0ms (cache hit)
npm http cache type-fest@https://registry.npmjs.org/type-fest/-/type-fest-1.4.0.tgz 0ms (cache hit)
npm http cache mimic-response@https://registry.npmjs.org/mimic-response/-/mimic-response-3.1.0.tgz 0ms (cache hit)
npm http cache get-stream@https://registry.npmjs.org/get-stream/-/get-stream-6.0.1.tgz 0ms (cache hit)
npm http cache ansi-regex@https://registry.npmjs.org/ansi-regex/-/ansi-regex-6.1.0.tgz 0ms (cache hit)
npm http cache emoji-regex@https://registry.npmjs.org/emoji-regex/-/emoji-regex-7.0.3.tgz 0ms (cache hit)
npm http cache get-stream@https://registry.npmjs.org/get-stream/-/get-stream-6.0.1.tgz 0ms (cache hit)
npm http cache ansi-styles@https://registry.npmjs.org/ansi-styles/-/ansi-styles-6.2.1.tgz 0ms (cache hit)
npm http cache emoji-regex@https://registry.npmjs.org/emoji-regex/-/emoji-regex-9.2.2.tgz 0ms (cache hit)
npm http cache strip-ansi@https://registry.npmjs.org/strip-ansi/-/strip-ansi-7.1.0.tgz 0ms (cache hit)
npm http cache string-width@https://registry.npmjs.org/string-width/-/string-width-5.1.2.tgz 0ms (cache hit)
npm http cache ansi-regex@https://registry.npmjs.org/ansi-regex/-/ansi-regex-6.1.0.tgz 0ms (cache hit)
npm http cache emoji-regex@https://registry.npmjs.org/emoji-regex/-/emoji-regex-9.2.2.tgz 0ms (cache hit)
npm http cache wrap-ansi@https://registry.npmjs.org/wrap-ansi/-/wrap-ansi-8.1.0.tgz 0ms (cache hit)
npm http cache safe-buffer@https://registry.npmjs.org/safe-buffer/-/safe-buffer-5.1.2.tgz 0ms (cache hit)
npm http cache string-width@https://registry.npmjs.org/string-width/-/string-width-5.1.2.tgz 0ms (cache hit)
npm http cache readable-stream@https://registry.npmjs.org/readable-stream/-/readable-stream-2.3.8.tgz 0ms (cache hit)
npm http cache string_decoder@https://registry.npmjs.org/string_decoder/-/string_decoder-1.1.1.tgz 0ms (cache hit)
npm http cache decamelize@https://registry.npmjs.org/decamelize/-/decamelize-4.0.0.tgz 0ms (cache hit)
npm http cache wrap-ansi@https://registry.npmjs.org/wrap-ansi/-/wrap-ansi-6.2.0.tgz 0ms (cache hit)
npm http cache camelcase@https://registry.npmjs.org/camelcase/-/camelcase-6.3.0.tgz 0ms (cache hit)
npm http cache ini@https://registry.npmjs.org/ini/-/ini-2.0.0.tgz 0ms (cache hit)
npm http cache commander@https://registry.npmjs.org/commander/-/commander-2.20.3.tgz 0ms (cache hit)
npm http cache slice-ansi@https://registry.npmjs.org/slice-ansi/-/slice-ansi-4.0.0.tgz 0ms (cache hit)
npm http cache pify@https://registry.npmjs.org/pify/-/pify-3.0.0.tgz 0ms (cache hit)
npm http cache file-type@https://registry.npmjs.org/file-type/-/file-type-6.2.0.tgz 0ms (cache hit)
npm http cache file-type@https://registry.npmjs.org/file-type/-/file-type-3.9.0.tgz 0ms (cache hit)
npm http cache string_decoder@https://registry.npmjs.org/string_decoder/-/string_decoder-1.1.1.tgz 0ms (cache hit)
npm http cache type-fest@https://registry.npmjs.org/type-fest/-/type-fest-2.19.0.tgz 0ms (cache hit)
npm http cache chalk@https://registry.npmjs.org/chalk/-/chalk-5.4.1.tgz 0ms (cache hit)
npm http cache strip-ansi@https://registry.npmjs.org/strip-ansi/-/strip-ansi-7.1.0.tgz 0ms (cache hit)
npm http cache get-stream@https://registry.npmjs.org/get-stream/-/get-stream-5.2.0.tgz 0ms (cache hit)
npm http cache readable-stream@https://registry.npmjs.org/readable-stream/-/readable-stream-2.3.8.tgz 0ms (cache hit)
npm http cache safe-buffer@https://registry.npmjs.org/safe-buffer/-/safe-buffer-5.1.2.tgz 0ms (cache hit)
npm http cache bl@https://registry.npmjs.org/bl/-/bl-1.2.3.tgz 0ms (cache hit)
npm http cache tar-stream@https://registry.npmjs.org/tar-stream/-/tar-stream-1.6.2.tgz 0ms (cache hit)
npm http cache debug@https://registry.npmjs.org/debug/-/debug-3.2.7.tgz 0ms (cache hit)
npm http cache is-stream@https://registry.npmjs.org/is-stream/-/is-stream-2.0.1.tgz 0ms (cache hit)
npm http cache get-stream@https://registry.npmjs.org/get-stream/-/get-stream-5.2.0.tgz 0ms (cache hit)
npm http cache string_decoder@https://registry.npmjs.org/string_decoder/-/string_decoder-1.1.1.tgz 0ms (cache hit)
npm http cache archiver-utils@https://registry.npmjs.org/archiver-utils/-/archiver-utils-3.0.4.tgz 0ms (cache hit)
npm http cache brace-expansion@https://registry.npmjs.org/brace-expansion/-/brace-expansion-2.0.1.tgz 0ms (cache hit)
npm http cache string_decoder@https://registry.npmjs.org/string_decoder/-/string_decoder-1.1.1.tgz 0ms (cache hit)
npm http cache minimatch@https://registry.npmjs.org/minimatch/-/minimatch-5.1.6.tgz 0ms (cache hit)
npm http cache safe-buffer@https://registry.npmjs.org/safe-buffer/-/safe-buffer-5.1.2.tgz 0ms (cache hit)
npm http cache camelcase@https://registry.npmjs.org/camelcase/-/camelcase-5.3.1.tgz 0ms (cache hit)
npm http cache safe-buffer@https://registry.npmjs.org/safe-buffer/-/safe-buffer-5.1.2.tgz 0ms (cache hit)
npm http cache readable-stream@https://registry.npmjs.org/readable-stream/-/readable-stream-2.3.8.tgz 0ms (cache hit)
npm http cache readable-stream@https://registry.npmjs.org/readable-stream/-/readable-stream-2.3.8.tgz 0ms (cache hit)
npm http cache ansi-regex@https://registry.npmjs.org/ansi-regex/-/ansi-regex-4.1.1.tgz 0ms (cache hit)
npm http cache is-fullwidth-code-point@https://registry.npmjs.org/is-fullwidth-code-point/-/is-fullwidth-code-point-2.0.0.tgz 0ms (cache hit)
npm http cache strip-ansi@https://registry.npmjs.org/strip-ansi/-/strip-ansi-5.2.0.tgz 0ms (cache hit)
npm http cache emoji-regex@https://registry.npmjs.org/emoji-regex/-/emoji-regex-7.0.3.tgz 0ms (cache hit)
npm http cache p-limit@https://registry.npmjs.org/p-limit/-/p-limit-2.3.0.tgz 0ms (cache hit)
npm http cache path-exists@https://registry.npmjs.org/path-exists/-/path-exists-3.0.0.tgz 0ms (cache hit)
npm http cache p-locate@https://registry.npmjs.org/p-locate/-/p-locate-3.0.0.tgz 0ms (cache hit)
npm http cache yargs-parser@https://registry.npmjs.org/yargs-parser/-/yargs-parser-15.0.3.tgz 0ms (cache hit)
npm http cache locate-path@https://registry.npmjs.org/locate-path/-/locate-path-3.0.0.tgz 0ms (cache hit)
npm http cache async@https://registry.npmjs.org/async/-/async-1.0.0.tgz 0ms (cache hit)
npm http cache is-stream@https://registry.npmjs.org/is-stream/-/is-stream-2.0.1.tgz 0ms (cache hit)
npm http cache get-stream@https://registry.npmjs.org/get-stream/-/get-stream-6.0.1.tgz 0ms (cache hit)
npm http cache execa@https://registry.npmjs.org/execa/-/execa-5.1.1.tgz 0ms (cache hit)
npm http cache human-signals@https://registry.npmjs.org/human-signals/-/human-signals-2.1.0.tgz 0ms (cache hit)
npm http cache chalk@https://registry.npmjs.org/chalk/-/chalk-5.4.1.tgz 0ms (cache hit)
npm http cache string-width@https://registry.npmjs.org/string-width/-/string-width-3.1.0.tgz 0ms (cache hit)
npm http cache find-up@https://registry.npmjs.org/find-up/-/find-up-3.0.0.tgz 0ms (cache hit)
npm http cache universalify@https://registry.npmjs.org/universalify/-/universalify-2.0.1.tgz 0ms (cache hit)
npm http cache ansi-regex@https://registry.npmjs.org/ansi-regex/-/ansi-regex-4.1.1.tgz 0ms (cache hit)
npm http cache emoji-regex@https://registry.npmjs.org/emoji-regex/-/emoji-regex-7.0.3.tgz 0ms (cache hit)
npm http cache fs-extra@https://registry.npmjs.org/fs-extra/-/fs-extra-11.3.0.tgz 0ms (cache hit)
npm http cache jsonfile@https://registry.npmjs.org/jsonfile/-/jsonfile-6.1.0.tgz 0ms (cache hit)
npm http cache color-name@https://registry.npmjs.org/color-name/-/color-name-1.1.3.tgz 0ms (cache hit)
npm http cache strip-ansi@https://registry.npmjs.org/strip-ansi/-/strip-ansi-5.2.0.tgz 0ms (cache hit)
npm http cache color-convert@https://registry.npmjs.org/color-convert/-/color-convert-1.9.3.tgz 0ms (cache hit)
npm http cache astral-regex@https://registry.npmjs.org/astral-regex/-/astral-regex-1.0.0.tgz 0ms (cache hit)
npm http cache is-fullwidth-code-point@https://registry.npmjs.org/is-fullwidth-code-point/-/is-fullwidth-code-point-2.0.0.tgz 0ms (cache hit)
npm http cache y18n@https://registry.npmjs.org/y18n/-/y18n-5.0.8.tgz 0ms (cache hit)
npm http cache slice-ansi@https://registry.npmjs.org/slice-ansi/-/slice-ansi-2.1.0.tgz 0ms (cache hit)
npm http cache cliui@https://registry.npmjs.org/cliui/-/cliui-7.0.4.tgz 0ms (cache hit)
npm http cache ansi-styles@https://registry.npmjs.org/ansi-styles/-/ansi-styles-3.2.1.tgz 0ms (cache hit)
npm http cache string-width@https://registry.npmjs.org/string-width/-/string-width-3.1.0.tgz 0ms (cache hit)
npm http cache brace-expansion@https://registry.npmjs.org/brace-expansion/-/brace-expansion-2.0.1.tgz 0ms (cache hit)
npm http cache yargs@https://registry.npmjs.org/yargs/-/yargs-16.2.0.tgz 0ms (cache hit)
npm http cache supports-color@https://registry.npmjs.org/supports-color/-/supports-color-8.1.1.tgz 0ms (cache hit)
npm http cache minimatch@https://registry.npmjs.org/minimatch/-/minimatch-5.1.6.tgz 0ms (cache hit)
npm http cache @types/node@https://registry.npmjs.org/@types/node/-/node-16.18.126.tgz 0ms (cache hit)
npm http cache escape-string-regexp@https://registry.npmjs.org/escape-string-regexp/-/escape-string-regexp-4.0.0.tgz 0ms (cache hit)
npm http cache glob@https://registry.npmjs.org/glob/-/glob-8.1.0.tgz 0ms (cache hit)
npm http cache supports-color@https://registry.npmjs.org/supports-color/-/supports-color-8.1.1.tgz 0ms (cache hit)
npm http cache universalify@https://registry.npmjs.org/universalify/-/universalify-2.0.1.tgz 0ms (cache hit)
npm http cache proxy-from-env@https://registry.npmjs.org/proxy-from-env/-/proxy-from-env-1.0.0.tgz 0ms (cache hit)
npm http cache fs-extra@https://registry.npmjs.org/fs-extra/-/fs-extra-9.1.0.tgz 0ms (cache hit)
npm http cache jsonfile@https://registry.npmjs.org/jsonfile/-/jsonfile-6.1.0.tgz 0ms (cache hit)
npm http fetch POST 200 https://registry.npmjs.org/-/npm/v1/security/advisories/bulk 639ms
npm http fetch GET 200 https://registry.npmjs.org/ecc-jsbn/-/ecc-jsbn-0.1.2.tgz 966ms (cache miss)
npm http fetch GET 200 https://registry.npmjs.org/safer-buffer/-/safer-buffer-2.1.2.tgz 969ms (cache miss)
npm http fetch GET 200 https://registry.npmjs.org/core-util-is/-/core-util-is-1.0.2.tgz 976ms (cache miss)
npm http fetch GET 200 https://registry.npmjs.org/call-bound/-/call-bound-1.0.4.tgz 974ms (cache miss)
npm http fetch GET 200 https://registry.npmjs.org/getpass/-/getpass-0.1.7.tgz 979ms (cache miss)
npm http fetch GET 200 https://registry.npmjs.org/asn1/-/asn1-0.2.6.tgz 978ms (cache miss)
npm http fetch GET 200 https://registry.npmjs.org/pump/-/pump-3.0.2.tgz 990ms (cache miss)
npm http fetch GET 200 https://registry.npmjs.org/at-least-node/-/at-least-node-1.0.0.tgz 992ms (cache miss)
npm http fetch GET 200 https://registry.npmjs.org/jsbn/-/jsbn-0.1.1.tgz 997ms (cache miss)
npm http fetch GET 200 https://registry.npmjs.org/side-channel-weakmap/-/side-channel-weakmap-1.0.2.tgz 998ms (cache miss)
npm warn deprecated inflight@1.0.6: This module is not supported, and leaks memory. Do not use it. Check out lru-cache if you want a good and tested way to coalesce async requests by a key value, which is much more comprehensive and powerful.
npm http fetch GET 200 https://registry.npmjs.org/bcrypt-pbkdf/-/bcrypt-pbkdf-1.0.2.tgz 1017ms (cache miss)
npm http fetch GET 200 https://registry.npmjs.org/astral-regex/-/astral-regex-2.0.0.tgz 1021ms (cache miss)
npm http fetch GET 200 https://registry.npmjs.org/side-channel-map/-/side-channel-map-1.0.1.tgz 1034ms (cache miss)
npm http fetch GET 200 https://registry.npmjs.org/side-channel-list/-/side-channel-list-1.0.0.tgz 1035ms (cache miss)
npm http fetch GET 200 https://registry.npmjs.org/aggregate-error/-/aggregate-error-3.1.0.tgz 1032ms (cache miss)
npm http fetch GET 200 https://registry.npmjs.org/ansi-escapes/-/ansi-escapes-4.3.2.tgz 1029ms (cache miss)
npm http fetch GET 200 https://registry.npmjs.org/throttleit/-/throttleit-1.0.1.tgz 1035ms (cache miss)
npm http fetch GET 200 https://registry.npmjs.org/slice-ansi/-/slice-ansi-3.0.0.tgz 1029ms (cache miss)
npm http fetch GET 200 https://registry.npmjs.org/side-channel/-/side-channel-1.1.0.tgz 1036ms (cache miss)
npm http fetch GET 200 https://registry.npmjs.org/clean-stack/-/clean-stack-2.2.0.tgz 1036ms (cache miss)
npm http fetch GET 200 https://registry.npmjs.org/rfdc/-/rfdc-1.4.1.tgz 1052ms (cache miss)
npm http fetch GET 200 https://registry.npmjs.org/p-map/-/p-map-4.0.0.tgz 1053ms (cache miss)
npm http fetch GET 200 https://registry.npmjs.org/log-update/-/log-update-4.0.0.tgz 1054ms (cache miss)
npm http fetch GET 200 https://registry.npmjs.org/indent-string/-/indent-string-4.0.0.tgz 1085ms (cache miss)
npm http fetch GET 200 https://registry.npmjs.org/json-schema/-/json-schema-0.4.0.tgz 1081ms (cache miss)
npm http fetch GET 200 https://registry.npmjs.org/cli-truncate/-/cli-truncate-2.1.0.tgz 1081ms (cache miss)
npm http fetch GET 200 https://registry.npmjs.org/extsprintf/-/extsprintf-1.3.0.tgz 1081ms (cache miss)
npm http fetch GET 200 https://registry.npmjs.org/verror/-/verror-1.10.0.tgz 1082ms (cache miss)
npm http fetch GET 200 https://registry.npmjs.org/assert-plus/-/assert-plus-1.0.0.tgz 1109ms (cache miss)
npm http fetch GET 200 https://registry.npmjs.org/@types/yauzl/-/yauzl-2.10.3.tgz 1108ms (cache miss)
npm http fetch GET 200 https://registry.npmjs.org/jsprim/-/jsprim-2.0.2.tgz 1110ms (cache miss)
npm http fetch GET 200 https://registry.npmjs.org/escape-string-regexp/-/escape-string-regexp-1.0.5.tgz 1108ms (cache miss)
npm warn deprecated rimraf@2.5.4: Rimraf versions prior to v4 are no longer supported
npm http fetch GET 200 https://registry.npmjs.org/tunnel-agent/-/tunnel-agent-0.6.0.tgz 1123ms (cache miss)
npm http fetch GET 200 https://registry.npmjs.org/colorette/-/colorette-2.0.20.tgz 1133ms (cache miss)
npm http fetch GET 200 https://registry.npmjs.org/@colors/colors/-/colors-1.5.0.tgz 1126ms (cache miss)
npm http fetch GET 200 https://registry.npmjs.org/restore-cursor/-/restore-cursor-3.1.0.tgz 1126ms (cache miss)
npm http fetch GET 200 https://registry.npmjs.org/json-stringify-safe/-/json-stringify-safe-5.0.1.tgz 1129ms (cache miss)
npm http fetch GET 200 https://registry.npmjs.org/performance-now/-/performance-now-2.1.0.tgz 1130ms (cache miss)
npm http fetch GET 200 https://registry.npmjs.org/http-signature/-/http-signature-1.4.0.tgz 1131ms (cache miss)
npm http fetch GET 200 https://registry.npmjs.org/caseless/-/caseless-0.12.0.tgz 1131ms (cache miss)
npm http fetch GET 200 https://registry.npmjs.org/forever-agent/-/forever-agent-0.6.1.tgz 1133ms (cache miss)
npm http fetch GET 200 https://registry.npmjs.org/extend/-/extend-3.0.2.tgz 1136ms (cache miss)
npm http fetch GET 200 https://registry.npmjs.org/aws4/-/aws4-1.13.2.tgz 1135ms (cache miss)
npm http fetch GET 200 https://registry.npmjs.org/untildify/-/untildify-4.0.0.tgz 1135ms (cache miss)
npm http fetch GET 200 https://registry.npmjs.org/tree-kill/-/tree-kill-1.2.2.tgz 1135ms (cache miss)
npm http fetch GET 200 https://registry.npmjs.org/process/-/process-0.11.10.tgz 1136ms (cache miss)
npm http fetch GET 200 https://registry.npmjs.org/lodash.once/-/lodash.once-4.1.1.tgz 1153ms (cache miss)
npm http fetch GET 200 https://registry.npmjs.org/request-progress/-/request-progress-3.0.0.tgz 1148ms (cache miss)
npm http fetch GET 200 https://registry.npmjs.org/getos/-/getos-3.2.1.tgz 1147ms (cache miss)
npm http fetch GET 200 https://registry.npmjs.org/figures/-/figures-3.2.0.tgz 1146ms (cache miss)
npm http fetch GET 200 https://registry.npmjs.org/pretty-bytes/-/pretty-bytes-5.6.0.tgz 1150ms (cache miss)
npm http fetch GET 200 https://registry.npmjs.org/lazy-ass/-/lazy-ass-1.6.0.tgz 1148ms (cache miss)
npm http fetch GET 200 https://registry.npmjs.org/aws-sign2/-/aws-sign2-0.7.0.tgz 1153ms (cache miss)
npm http fetch GET 200 https://registry.npmjs.org/ospath/-/ospath-1.2.2.tgz 1163ms (cache miss)
npm http fetch GET 200 https://registry.npmjs.org/extract-zip/-/extract-zip-2.0.1.tgz 1159ms (cache miss)
npm http fetch GET 200 https://registry.npmjs.org/cli-table3/-/cli-table3-0.6.5.tgz 1159ms (cache miss)
npm http fetch GET 200 https://registry.npmjs.org/execa/-/execa-4.1.0.tgz 1162ms (cache miss)
npm http fetch GET 200 https://registry.npmjs.org/tmp/-/tmp-0.2.3.tgz 1165ms (cache miss)
npm http fetch GET 200 https://registry.npmjs.org/human-signals/-/human-signals-1.1.1.tgz 1175ms (cache miss)
npm http fetch GET 200 https://registry.npmjs.org/ci-info/-/ci-info-4.2.0.tgz 1167ms (cache miss)
npm http fetch GET 200 https://registry.npmjs.org/cachedir/-/cachedir-2.4.0.tgz 1165ms (cache miss)
npm http fetch GET 200 https://registry.npmjs.org/cli-cursor/-/cli-cursor-3.1.0.tgz 1167ms (cache miss)
npm http fetch GET 200 https://registry.npmjs.org/@types/sinonjs__fake-timers/-/sinonjs__fake-timers-8.1.1.tgz 1171ms (cache miss)
npm http fetch GET 200 https://registry.npmjs.org/@types/sizzle/-/sizzle-2.3.9.tgz 1171ms (cache miss)
npm warn deprecated glob@7.2.3: Glob versions prior to v9 are no longer supported
npm http fetch GET 200 https://registry.npmjs.org/executable/-/executable-4.1.1.tgz 1189ms (cache miss)
npm warn deprecated glob@8.1.0: Glob versions prior to v9 are no longer supported
npm http fetch GET 200 https://registry.npmjs.org/arch/-/arch-2.2.0.tgz 1185ms (cache miss)
npm http fetch GET 200 https://registry.npmjs.org/slice-ansi/-/slice-ansi-4.0.0.tgz 1177ms (cache miss)
npm http fetch GET 200 https://registry.npmjs.org/blob-util/-/blob-util-2.0.2.tgz 1186ms (cache miss)
npm http fetch GET 200 https://registry.npmjs.org/@cypress/xvfb/-/xvfb-1.2.4.tgz 1197ms (cache miss)
npm http fetch GET 200 https://registry.npmjs.org/get-stream/-/get-stream-5.2.0.tgz 1187ms (cache miss)
npm http fetch GET 200 https://registry.npmjs.org/wrap-ansi/-/wrap-ansi-6.2.0.tgz 1190ms (cache miss)
npm http fetch GET 200 https://registry.npmjs.org/proxy-from-env/-/proxy-from-env-1.0.0.tgz 1122ms (cache miss)
npm http fetch GET 200 https://registry.npmjs.org/dashdash/-/dashdash-1.14.1.tgz 1243ms (cache miss)
npm http fetch GET 200 https://registry.npmjs.org/get-stream/-/get-stream-5.2.0.tgz 1226ms (cache miss)
npm http fetch GET 200 https://registry.npmjs.org/eventemitter2/-/eventemitter2-6.4.7.tgz 1273ms (cache miss)
npm http fetch GET 200 https://registry.npmjs.org/commander/-/commander-6.2.1.tgz 1311ms (cache miss)
npm http fetch GET 200 https://registry.npmjs.org/check-more-types/-/check-more-types-2.24.0.tgz 1312ms (cache miss)
npm http fetch GET 200 https://registry.npmjs.org/debug/-/debug-3.2.7.tgz 1371ms (cache miss)
npm http fetch GET 200 https://registry.npmjs.org/tweetnacl/-/tweetnacl-0.14.5.tgz 1459ms (cache miss)
npm http fetch GET 200 https://registry.npmjs.org/tslib/-/tslib-2.8.1.tgz 1473ms (cache miss)
npm http fetch GET 200 https://registry.npmjs.org/@cypress/request/-/request-3.0.8.tgz 1514ms (cache miss)
npm http fetch GET 200 https://registry.npmjs.org/qs/-/qs-6.14.0.tgz 1588ms (cache miss)
npm http fetch GET 200 https://registry.npmjs.org/object-inspect/-/object-inspect-1.13.4.tgz 1727ms (cache miss)
npm http fetch GET 200 https://registry.npmjs.org/sshpk/-/sshpk-1.18.0.tgz 1748ms (cache miss)
npm http fetch GET 200 https://registry.npmjs.org/undici-types/-/undici-types-6.20.0.tgz 1750ms (cache miss)
npm http fetch GET 200 https://registry.npmjs.org/fs-extra/-/fs-extra-9.1.0.tgz 1659ms (cache miss)
npm http fetch GET 200 https://registry.npmjs.org/tough-cookie/-/tough-cookie-5.1.2.tgz 1762ms (cache miss)
npm http fetch GET 200 https://registry.npmjs.org/type-fest/-/type-fest-0.21.3.tgz 1789ms (cache miss)
npm http fetch GET 200 https://registry.npmjs.org/enquirer/-/enquirer-2.4.1.tgz 1780ms (cache miss)
npm http fetch GET 200 https://registry.npmjs.org/listr2/-/listr2-3.14.0.tgz 1909ms (cache miss)
npm http fetch GET 200 https://registry.npmjs.org/tldts-core/-/tldts-core-6.1.84.tgz 1967ms (cache miss)
npm http fetch GET 200 https://registry.npmjs.org/tldts/-/tldts-6.1.84.tgz 1989ms (cache miss)
npm http fetch GET 200 https://registry.npmjs.org/@types/node/-/node-22.13.10.tgz 2022ms (cache miss)
npm http fetch GET 200 https://registry.npmjs.org/common-tags/-/common-tags-1.8.2.tgz 2043ms (cache miss)
npm http fetch GET 200 https://registry.npmjs.org/dayjs/-/dayjs-1.11.13.tgz 2476ms (cache miss)
npm http fetch GET 200 https://registry.npmjs.org/cypress/-/cypress-14.2.0.tgz 2805ms (cache miss)
npm http fetch GET 200 https://registry.npmjs.org/rxjs/-/rxjs-7.8.2.tgz 4085ms (cache miss)
npm info run cypress@14.2.0 postinstall node_modules/cypress node index.js --exec install
npm info run cypress@14.2.0 postinstall { code: 0, signal: null }

added 468 packages, and audited 469 packages in 16s

97 packages are looking for funding
  run `npm fund` for details

found 0 vulnerabilities
npm verbose cwd D:\Web Automation\saucedemo-e2e-cypress\tmpBstackPackages
npm verbose os Windows_NT 10.0.26100
npm verbose node v22.14.0
npm verbose npm  v11.1.0
npm verbose exit 0
npm info ok
